INFO         | Android emulator version 36.1.9.0 (build_id 13823996) (CL:N/A)
INFO         | Graphics backend: gfxstream
INFO         | Found systemPath /Users/ssw/Library/Android/sdk/system-images/android-26/google_apis/arm64-v8a/
I0922 15:38:55.128470 060a080 opengles.cpp:291] android_startOpenglesRenderer: gpu info
I0922 15:38:55.128663 060a080 opengles.cpp:292] 
I0922 15:38:55.155533 060a080 userspace-boot-properties.cpp:766] Userspace boot properties:
I0922 15:38:55.155551 060a080 userspace-boot-properties.cpp:770]   android.qemud=1
I0922 15:38:55.155555 060a080 userspace-boot-properties.cpp:770]   androidboot.hardware=ranchu
I0922 15:38:55.155558 060a080 userspace-boot-properties.cpp:770]   androidboot.serialno=EMULATOR36X1X9X0
I0922 15:38:55.155561 060a080 userspace-boot-properties.cpp:770]   qemu=1
I0922 15:38:55.155564 060a080 userspace-boot-properties.cpp:770]   qemu.avd_name=Pixel_XL_API_26
I0922 15:38:55.155567 060a080 userspace-boot-properties.cpp:770]   qemu.camera_hq_edge_processing=0
I0922 15:38:55.155570 060a080 userspace-boot-properties.cpp:770]   qemu.dalvik.vm.heapsize=512m
I0922 15:38:55.155572 060a080 userspace-boot-properties.cpp:770]   qemu.encrypt=1
I0922 15:38:55.155574 060a080 userspace-boot-properties.cpp:770]   qemu.gles=1
I0922 15:38:55.155577 060a080 userspace-boot-properties.cpp:770]   qemu.gltransport=pipe
I0922 15:38:55.155579 060a080 userspace-boot-properties.cpp:770]   qemu.gltransport.drawFlushInterval=800
I0922 15:38:55.155581 060a080 userspace-boot-properties.cpp:770]   qemu.opengles.version=196609
I0922 15:38:55.155583 060a080 userspace-boot-properties.cpp:770]   qemu.settings.system.screen_off_timeout=2147483647
I0922 15:38:55.155585 060a080 userspace-boot-properties.cpp:770]   qemu.uirenderer=skiagl
I0922 15:38:55.155587 060a080 userspace-boot-properties.cpp:770]   qemu.vsync=60
I0922 15:38:55.155590 060a080 userspace-boot-properties.cpp:770]   qemu.wifi=1
INFO         | Guest GLES Driver: Auto (ext controls)
library_mode swangle_indirect gpu mode swangle_indirect
INFO         | Checking system compatibility:
INFO         |   Checking: hasSufficientDiskSpace
INFO         |      Ok: Disk space requirements to run avd: `Pixel_XL_API_26` are met
INFO         |   Checking: hasSufficientHwGpu
INFO         |      Ok: Hardware GPU compatibility checks are not required
INFO         |   Checking: hasSufficientSystem
INFO         |      Ok: System requirements to run avd: `Pixel_XL_API_26` are met
WARNING      | FeatureControl is requesting a non existing feature.
INFO         | Storing crashdata in: /tmp/android-ssw/emu-crash-36.1.9.db, detection is enabled for process: 48243
INFO         | Initializing hardware OpenGLES emulation support
INFO         | HealthMonitor disabled.
INFO         | SharedLibrary::open for [libGLESv2.dylib]: not found in map, open for the first time
INFO         | SharedLibrary::open for [libGLESv2.dylib] (posix): begin
INFO         | SharedLibrary::open for [libGLESv2.dylib] (posix,darwin): call dlopen
INFO         | SharedLibrary::open succeeded for [libGLESv2.dylib].
INFO         | SharedLibrary::open for [libEGL.dylib]: not found in map, open for the first time
INFO         | SharedLibrary::open for [libEGL.dylib] (posix): begin
INFO         | SharedLibrary::open for [libEGL.dylib] (posix,darwin): call dlopen
INFO         | SharedLibrary::open succeeded for [libEGL.dylib].
INFO         | Graphics Adapter Vendor Google (Google Inc. (Google))
INFO         | Graphics Adapter Android Emulator OpenGL ES Translator (ANGLE (Google, Vulkan 1.3.0 (SwiftShader Device (LLVM 10.0.0) (0x0000C0DE)), SwiftShader driver-5.0.0))
INFO         | Graphics API Version OpenGL ES 3.0 (OpenGL ES 3.1.0 (ANGLE 2.1.1 git hash: fbf66f49c7cc))
INFO         | Graphics API Extensions GL_OES_EGL_sync GL_OES_EGL_image GL_OES_EGL_image_external GL_OES_depth24 GL_OES_depth32 GL_OES_element_index_uint GL_OES_texture_float GL_OES_texture_float_linear GL_OES_compressed_paletted_texture GL_OES_compressed_ETC1_RGB8_texture GL_OES_depth_texture GL_OES_texture_half_float GL_OES_texture_half_float_linear GL_OES_packed_depth_stencil GL_OES_vertex_half_float GL_OES_standard_derivatives GL_OES_texture_npot GL_OES_rgb8_rgba8 GL_OVR_multiview2 GL_EXT_color_buffer_float GL_EXT_color_buffer_half_float GL_EXT_texture_format_BGRA8888 GL_APPLE_texture_format_BGRA8888 GL_EXT_draw_buffers_indexed GL_EXT_clip_cull_distance 
INFO         | Graphics Device Extensions N/A
INFO         | Verified boot params were not found.
INFO         | Monitoring duration of emulator setup.
INFO         | Setting display: 0 configuration to: 1440x2560, dpi: 560x560 
INFO         | setDisplayActiveConfig 0
INFO         | Loading snapshot 'default_boot'...
WARNING      | This is a disk-only snapshot. Revert to it offline using qemu-img.

WARNING      | Failed to load snapshot 'default_boot'
USER_WARNING | The saved emulator state could not be loaded, performing a cold boot.
INFO         | OpenGL Vendor=[Google (Google Inc. (Google))]
INFO         | OpenGL Renderer=[Android Emulator OpenGL ES Translator (ANGLE (Google, Vulkan 1.3.0 (SwiftShader Device (LLVM 10.0.0) (0x0000C0DE)), SwiftShader driver-5.0.0))]
INFO         | OpenGL Version=[OpenGL ES 3.0 (OpenGL ES 3.1.0 (ANGLE 2.1.1 git hash: fbf66f49c7cc))]
INFO         | Boot completed in 26211 ms
INFO         | Increasing screen off timeout, logcat buffer size to 2M.
WARNING      | adb command '/Users/ssw/Library/Android/sdk/platform-tools/adb -e shell settings put system screen_off_timeout 2147483647 ' failed: 'adb: more than one emulator'
WARNING      | adb command '/opt/homebrew/bin/adb -e shell settings put system screen_off_timeout 2147483647 ' failed: 'adb: more than one emulator'
WARNING      | adb command '/Users/ssw/Library/Android/sdk/platform-tools/adb -e shell settings put system screen_off_timeout 2147483647 ' failed: 'adb: more than one emulator'
WARNING      | adb command '/opt/homebrew/bin/adb -e shell settings put system screen_off_timeout 2147483647 ' failed: 'adb: more than one emulator'
WARNING      | adb command '/Users/ssw/Library/Android/sdk/platform-tools/adb -e shell settings put system screen_off_timeout 2147483647 ' failed: 'adb: more than one emulator'
WARNING      | adb command '/opt/homebrew/bin/adb -e shell settings put system screen_off_timeout 2147483647 ' failed: 'adb: more than one emulator'
WARNING      | adb command '/Users/ssw/Library/Android/sdk/platform-tools/adb -e shell settings put system screen_off_timeout 2147483647 ' failed: 'adb: more than one emulator'
WARNING      | adb command '/opt/homebrew/bin/adb -e shell settings put system screen_off_timeout 2147483647 ' failed: 'adb: more than one emulator'
WARNING      | adb command '/Users/ssw/Library/Android/sdk/platform-tools/adb -e shell settings put system screen_off_timeout 2147483647 ' failed: 'adb: more than one emulator'
WARNING      | adb command '/opt/homebrew/bin/adb -e shell settings put system screen_off_timeout 2147483647 ' failed: 'adb: more than one emulator'
WARNING      | adb command '/Users/ssw/Library/Android/sdk/platform-tools/adb -e shell settings put system screen_off_timeout 2147483647 ' failed: 'adb: more than one emulator'
WARNING      | adb command '/opt/homebrew/bin/adb -e shell settings put system screen_off_timeout 2147483647 ' failed: 'adb: more than one emulator'
WARNING      | adb command '/Users/ssw/Library/Android/sdk/platform-tools/adb -e shell settings put system screen_off_timeout 2147483647 ' failed: 'adb: more than one emulator'
WARNING      | adb command '/opt/homebrew/bin/adb -e shell settings put system screen_off_timeout 2147483647 ' failed: 'adb: more than one emulator'
WARNING      | adb command '/Users/ssw/Library/Android/sdk/platform-tools/adb -e shell settings put system screen_off_timeout 2147483647 ' failed: 'adb: more than one emulator'
WARNING      | adb command '/opt/homebrew/bin/adb -e shell settings put system screen_off_timeout 2147483647 ' failed: 'adb: more than one emulator'
WARNING      | adb command '/Users/ssw/Library/Android/sdk/platform-tools/adb -e shell settings put system screen_off_timeout 2147483647 ' failed: 'adb: more than one emulator'
WARNING      | adb command '/opt/homebrew/bin/adb -e shell settings put system screen_off_timeout 2147483647 ' failed: 'adb: more than one emulator'
WARNING      | adb command '/Users/ssw/Library/Android/sdk/platform-tools/adb -e shell settings put system screen_off_timeout 2147483647 ' failed: 'adb: more than one emulator'
WARNING      | adb command '/opt/homebrew/bin/adb -e shell settings put system screen_off_timeout 2147483647 ' failed: 'adb: more than one emulator'
WARNING      | adb command '/Users/ssw/Library/Android/sdk/platform-tools/adb -e shell settings put system screen_off_timeout 2147483647 ' failed: 'adb: more than one emulator'
WARNING      | adb command '/opt/homebrew/bin/adb -e shell settings put system screen_off_timeout 2147483647 ' failed: 'adb: more than one emulator'
WARNING      | adb command '/Users/ssw/Library/Android/sdk/platform-tools/adb -e shell settings put system screen_off_timeout 2147483647 ' failed: 'adb: more than one emulator'
WARNING      | adb command '/opt/homebrew/bin/adb -e shell settings put system screen_off_timeout 2147483647 ' failed: 'adb: more than one emulator'
WARNING      | adb command '/Users/ssw/Library/Android/sdk/platform-tools/adb -e shell settings put system screen_off_timeout 2147483647 ' failed: 'adb: more than one emulator'
WARNING      | adb command '/opt/homebrew/bin/adb -e shell settings put system screen_off_timeout 2147483647 ' failed: 'adb: more than one emulator'
WARNING      | adb command '/Users/ssw/Library/Android/sdk/platform-tools/adb -e shell settings put system screen_off_timeout 2147483647 ' failed: 'adb: more than one emulator'
WARNING      | adb command '/opt/homebrew/bin/adb -e shell settings put system screen_off_timeout 2147483647 ' failed: 'adb: more than one emulator'
WARNING      | adb command '/Users/ssw/Library/Android/sdk/platform-tools/adb -e shell settings put system screen_off_timeout 2147483647 ' failed: 'adb: more than one emulator'
WARNING      | adb command '/opt/homebrew/bin/adb -e shell settings put system screen_off_timeout 2147483647 ' failed: 'adb: more than one emulator'
WARNING      | adb command '/Users/ssw/Library/Android/sdk/platform-tools/adb -e shell settings put system screen_off_timeout 2147483647 ' failed: 'adb: more than one emulator'
WARNING      | adb command '/opt/homebrew/bin/adb -e shell settings put system screen_off_timeout 2147483647 ' failed: 'adb: more than one emulator'
WARNING      | adb command '/Users/ssw/Library/Android/sdk/platform-tools/adb -e shell settings put system screen_off_timeout 2147483647 ' failed: 'adb: more than one emulator'
WARNING      | adb command '/opt/homebrew/bin/adb -e shell settings put system screen_off_timeout 2147483647 ' failed: 'adb: more than one emulator'
WARNING      | adb command '/Users/ssw/Library/Android/sdk/platform-tools/adb -e shell settings put system screen_off_timeout 2147483647 ' failed: 'adb: more than one emulator'
WARNING      | adb command '/opt/homebrew/bin/adb -e shell settings put system screen_off_timeout 2147483647 ' failed: 'adb: more than one emulator'
WARNING      | adb command '/Users/ssw/Library/Android/sdk/platform-tools/adb -e shell settings put system screen_off_timeout 2147483647 ' failed: 'adb: more than one emulator'
WARNING      | adb command '/opt/homebrew/bin/adb -e shell settings put system screen_off_timeout 2147483647 ' failed: 'adb: more than one emulator'
WARNING      | adb command '/Users/ssw/Library/Android/sdk/platform-tools/adb -e shell settings put system screen_off_timeout 2147483647 ' failed: 'adb: more than one emulator'
WARNING      | adb command '/opt/homebrew/bin/adb -e shell settings put system screen_off_timeout 2147483647 ' failed: 'adb: more than one emulator'
WARNING      | adb command '/Users/ssw/Library/Android/sdk/platform-tools/adb -e shell settings put system screen_off_timeout 2147483647 ' failed: 'adb: more than one emulator'
WARNING      | adb command '/opt/homebrew/bin/adb -e shell settings put system screen_off_timeout 2147483647 ' failed: 'adb: more than one emulator'
WARNING      | adb command '/Users/ssw/Library/Android/sdk/platform-tools/adb -e shell settings put system screen_off_timeout 2147483647 ' failed: 'adb: more than one emulator'
WARNING      | adb command '/opt/homebrew/bin/adb -e shell settings put system screen_off_timeout 2147483647 ' failed: 'adb: more than one emulator'
WARNING      | adb command '/Users/ssw/Library/Android/sdk/platform-tools/adb -e shell settings put system screen_off_timeout 2147483647 ' failed: 'adb: more than one emulator'
WARNING      | adb command '/opt/homebrew/bin/adb -e shell settings put system screen_off_timeout 2147483647 ' failed: 'adb: more than one emulator'
WARNING      | adb command '/Users/ssw/Library/Android/sdk/platform-tools/adb -e shell settings put system screen_off_timeout 2147483647 ' failed: 'adb: more than one emulator'
WARNING      | adb command '/opt/homebrew/bin/adb -e shell settings put system screen_off_timeout 2147483647 ' failed: 'adb: more than one emulator'
WARNING      | adb command '/Users/ssw/Library/Android/sdk/platform-tools/adb -e shell settings put system screen_off_timeout 2147483647 ' failed: 'adb: more than one emulator'
WARNING      | adb command '/opt/homebrew/bin/adb -e shell settings put system screen_off_timeout 2147483647 ' failed: 'adb: more than one emulator'
WARNING      | adb command '/Users/ssw/Library/Android/sdk/platform-tools/adb -e shell logcat -G 2M ' failed: 'adb: more than one emulator'
WARNING      | adb command '/opt/homebrew/bin/adb -e shell logcat -G 2M ' failed: 'adb: more than one emulator'
WARNING      | adb command '/Users/ssw/Library/Android/sdk/platform-tools/adb -e shell logcat -G 2M ' failed: 'adb: more than one emulator'
WARNING      | adb command '/opt/homebrew/bin/adb -e shell logcat -G 2M ' failed: 'adb: more than one emulator'
WARNING      | adb command '/Users/ssw/Library/Android/sdk/platform-tools/adb -e shell logcat -G 2M ' failed: 'adb: more than one emulator'
WARNING      | adb command '/opt/homebrew/bin/adb -e shell settings put system accelerometer_rotation 1 ' failed: 'adb: more than one emulator'
WARNING      | adb command '/Users/ssw/Library/Android/sdk/platform-tools/adb -e shell settings put system accelerometer_rotation 1 ' failed: 'adb: more than one emulator'
WARNING      | adb command '/opt/homebrew/bin/adb -e shell settings put system accelerometer_rotation 1 ' failed: 'adb: more than one emulator'
WARNING      | adb command '/Users/ssw/Library/Android/sdk/platform-tools/adb -e shell settings put system accelerometer_rotation 1 ' failed: 'adb: more than one emulator'
WARNING      | adb command '/opt/homebrew/bin/adb -e shell settings put system accelerometer_rotation 1 ' failed: 'adb: more than one emulator'
ERROR        | unable to lock snapshot save on exit!

INFO         | Wait for emulator (pid 48243) 20 seconds to shutdown gracefully before kill;you can set environment variable ANDROID_EMULATOR_WAIT_TIME_BEFORE_KILL(in seconds) to change the default value (20 seconds)

USER_INFO    | Snapshots have been disabled by the user, save request is ignored.
INFO         | Saving snapshot 'default_boot' using 1 ms
coreaudio: Could not determine whether Device is playing
coreaudio: Reason: status code 560947818
WARNING      | Emulator client has not yet been configured.. Call configure me first!
