INFO         | Android emulator version 36.1.9.0 (build_id 13823996) (CL:N/A)
INFO         | Graphics backend: gfxstream
INFO         | Found systemPath /Users/ssw/Library/Android/sdk/system-images/android-29/google_apis/arm64-v8a/
I1006 00:19:07.720320 0f8e080 opengles.cpp:291] android_startOpenglesRenderer: gpu info
I1006 00:19:07.720465 0f8e080 opengles.cpp:292] 
WARNING      | Please update the emulator to one that supports the feature(s): Vulkan
INFO         | Increasing RAM size to 2048MB
INFO         | Guest GLES Driver: Auto (ext controls)
library_mode swangle_indirect gpu mode swangle_indirect
INFO         | Checking system compatibility:
INFO         |   Checking: hasSufficientDiskSpace
INFO         |      Ok: Disk space requirements to run avd: `Pixel_XL_API_29` are met
INFO         |   Checking: hasSufficientHwGpu
INFO         |      Ok: Hardware GPU compatibility checks are not required
INFO         |   Checking: hasSufficientSystem
INFO         |      Ok: System requirements to run avd: `Pixel_XL_API_29` are met
WARNING      | FeatureControl is requesting a non existing feature.
INFO         | Storing crashdata in: /tmp/android-ssw/emu-crash-36.1.9.db, detection is enabled for process: 80018
INFO         | Initializing hardware OpenGLES emulation support
INFO         | HealthMonitor disabled.
INFO         | initIcdPaths: ICD set to 'swiftshader', using Swiftshader ICD
INFO         | Setting ICD filenames for the loader = /Users/ssw/Library/Android/sdk/emulator/lib64/vulkan/vk_swiftshader_icd.json
INFO         | SharedLibrary::open for [/Users/ssw/Library/Android/sdk/emulator/qemu/darwin-aarch64/lib64/vulkan/libvulkan.dylib]
INFO         | SharedLibrary::open for [/Users/ssw/Library/Android/sdk/emulator/qemu/darwin-aarch64/lib64/vulkan/libvulkan.dylib]: not found in map, open for the first time
INFO         | SharedLibrary::open for [/Users/ssw/Library/Android/sdk/emulator/qemu/darwin-aarch64/lib64/vulkan/libvulkan.dylib] (posix): begin
INFO         | SharedLibrary::open for [/Users/ssw/Library/Android/sdk/emulator/qemu/darwin-aarch64/lib64/vulkan/libvulkan.dylib] (posix,darwin): call dlopen
INFO         | SharedLibrary::open succeeded for [/Users/ssw/Library/Android/sdk/emulator/qemu/darwin-aarch64/lib64/vulkan/libvulkan.dylib].
INFO         | Added library: /Users/ssw/Library/Android/sdk/emulator/qemu/darwin-aarch64/lib64/vulkan/libvulkan.dylib
INFO         | Selecting Vulkan device: SwiftShader Device (LLVM 10.0.0), Version: 1.3.0
INFO         | Disabling sparse binding feature support
INFO         | SharedLibrary::open for [libGLESv2.dylib]: not found in map, open for the first time
INFO         | SharedLibrary::open for [libGLESv2.dylib] (posix): begin
INFO         | SharedLibrary::open for [libGLESv2.dylib] (posix,darwin): call dlopen
INFO         | SharedLibrary::open succeeded for [libGLESv2.dylib].
INFO         | SharedLibrary::open for [libEGL.dylib]: not found in map, open for the first time
INFO         | SharedLibrary::open for [libEGL.dylib] (posix): begin
INFO         | SharedLibrary::open for [libEGL.dylib] (posix,darwin): call dlopen
INFO         | SharedLibrary::open succeeded for [libEGL.dylib].
INFO         | Initializing VkEmulation features:
INFO         |     glInteropSupported: false
INFO         |     useDeferredCommands: true
INFO         |     createResourceWithRequirements: true
INFO         |     useVulkanComposition: false
INFO         |     useVulkanNativeSwapchain: false
INFO         |     enable guestRenderDoc: false
INFO         |     ASTC LDR emulation mode: Gpu
INFO         |     enable ETC2 emulation: true
INFO         |     enable Ycbcr emulation: false
INFO         |     guestVulkanOnly: false
INFO         |     useDedicatedAllocations: false
INFO         | Graphics Adapter Vendor Google (Google Inc. (Google))
INFO         | Graphics Adapter Android Emulator OpenGL ES Translator (ANGLE (Google, Vulkan 1.3.0 (SwiftShader Device (LLVM 10.0.0) (0x0000C0DE)), SwiftShader driver-5.0.0))
INFO         | Graphics API Version OpenGL ES 3.0 (OpenGL ES 3.1.0 (ANGLE 2.1.1 git hash: fbf66f49c7cc))
INFO         | Graphics API Extensions GL_OES_EGL_sync GL_OES_EGL_image GL_OES_EGL_image_external GL_OES_depth24 GL_OES_depth32 GL_OES_element_index_uint GL_OES_texture_float GL_OES_texture_float_linear GL_OES_compressed_paletted_texture GL_OES_compressed_ETC1_RGB8_texture GL_OES_depth_texture GL_OES_texture_half_float GL_OES_texture_half_float_linearI1006 00:19:07.748608 0f8e080 userspace-boot-properties.cpp:766] Userspace boot properties:
I1006 00:19:07.748620 0f8e080 userspace-boot-properties.cpp:770]   android.qemud=1
I1006 00:19:07.748624 0f8e080 userspace-boot-properties.cpp:770]   androidboot.boot_devices=a003400.virtio_mmio
I1006 00:19:07.748627 0f8e080 userspace-boot-properties.cpp:770]   androidboot.hardware=ranchu
I1006 00:19:07.748629 0f8e080 userspace-boot-properties.cpp:770]   androidboot.hardware.vulkan=ranchu
I1006 00:19:07.748631 0f8e080 userspace-boot-properties.cpp:770]   androidboot.serialno=EMULATOR36X1X9X0
I1006 00:19:07.748634 0f8e080 userspace-boot-properties.cpp:770]   androidboot.vbmeta.digest=32221f1ab79969da275ca5bce1a2990a180f82f1c21c54bd02390fc9df112083
I1006 00:19:07.748636 0f8e080 userspace-boot-properties.cpp:770]   androidboot.vbmeta.hash_alg=sha256
I1006 00:19:07.748639 0f8e080 userspace-boot-properties.cpp:770]   androidboot.vbmeta.size=4352
I1006 00:19:07.748641 0f8e080 userspace-boot-properties.cpp:770]   qemu=1
I1006 00:19:07.748643 0f8e080 userspace-boot-properties.cpp:770]   qemu.avd_name=Pixel_XL_API_29
I1006 00:19:07.748645 0f8e080 userspace-boot-properties.cpp:770]   qemu.camera_hq_edge_processing=0
I1006 00:19:07.748647 0f8e080 userspace-boot-properties.cpp:770]   qemu.dalvik.vm.heapsize=512m
I1006 00:19:07.748649 0f8e080 userspace-boot-properties.cpp:770]   qemu.encrypt=1
I1006 00:19:07.748651 0f8e080 userspace-boot-properties.cpp:770]   qemu.gles=1
I1006 00:19:07.748653 0f8e080 userspace-boot-properties.cpp:770]   qemu.gltransport=pipe
I1006 00:19:07.748655 0f8e080 userspace-boot-properties.cpp:770]   qemu.gltransport.drawFlushInterval=800
I1006 00:19:07.748657 0f8e080 userspace-boot-properties.cpp:770]   qemu.opengles.version=196609
I1006 00:19:07.748659 0f8e080 userspace-boot-properties.cpp:770]   qemu.settings.system.screen_off_timeout=2147483647
I1006 00:19:07.748661 0f8e080 userspace-boot-properties.cpp:770]   qemu.uirenderer=skiagl
I1006 00:19:07.748662 0f8e080 userspace-boot-properties.cpp:770]   qemu.vsync=60
I1006 00:19:07.748664 0f8e080 userspace-boot-properties.cpp:770]   qemu.wifi=1
 GL_OES_packed_depth_stencil GL_OES_vertex_half_float GL_OES_standard_derivatives GL_OES_texture_npot GL_OES_rgb8_rgba8 GL_OVR_multiview2 GL_EXT_color_buffer_float GL_EXT_color_buffer_half_float GL_EXT_texture_format_BGRA8888 GL_APPLE_texture_format_BGRA8888 GL_EXT_draw_buffers_indexed GL_EXT_clip_cull_distance 
INFO         | Graphics Device Extensions N/A
INFO         | Monitoring duration of emulator setup.
INFO         | Setting display: 0 configuration to: 1080x1920, dpi: 420x420 
INFO         | setDisplayActiveConfig 0
INFO         | Loading snapshot 'default_boot'...
WARNING      | This is a disk-only snapshot. Revert to it offline using qemu-img.

WARNING      | Failed to load snapshot 'default_boot'
USER_WARNING | The saved emulator state could not be loaded, performing a cold boot.
INFO         | OpenGL Vendor=[Google (Google Inc. (Google))]
INFO         | OpenGL Renderer=[Android Emulator OpenGL ES Translator (ANGLE (Google, Vulkan 1.3.0 (SwiftShader Device (LLVM 10.0.0) (0x0000C0DE)), SwiftShader driver-5.0.0))]
INFO         | OpenGL Version=[OpenGL ES 3.0 (OpenGL ES 3.1.0 (ANGLE 2.1.1 git hash: fbf66f49c7cc))]
INFO         | Boot completed in 11270 ms
INFO         | Increasing screen off timeout, logcat buffer size to 2M.
WARNING      | adb command '/Users/ssw/Library/Android/sdk/platform-tools/adb -e shell settings put system screen_off_timeout 2147483647 ' failed: 'adb: more than one emulator'
WARNING      | adb command '/Users/ssw/Library/Android/sdk/platform-tools/adb -e shell settings put system screen_off_timeout 2147483647 ' failed: 'adb: more than one emulator'
WARNING      | adb command '/Users/ssw/Library/Android/sdk/platform-tools/adb -e shell settings put system screen_off_timeout 2147483647 ' failed: 'adb: more than one emulator'
WARNING      | adb command '/Users/ssw/Library/Android/sdk/platform-tools/adb -e shell settings put system screen_off_timeout 2147483647 ' failed: 'adb: more than one emulator'
WARNING      | adb command '/Users/ssw/Library/Android/sdk/platform-tools/adb -e shell settings put system screen_off_timeout 2147483647 ' failed: 'adb: more than one emulator'
WARNING      | adb command '/Users/ssw/Library/Android/sdk/platform-tools/adb -e shell settings put system screen_off_timeout 2147483647 ' failed: 'adb: more than one emulator'
WARNING      | adb command '/Users/ssw/Library/Android/sdk/platform-tools/adb -e shell settings put system screen_off_timeout 2147483647 ' failed: 'adb: more than one emulator'
WARNING      | adb command '/Users/ssw/Library/Android/sdk/platform-tools/adb -e shell settings put system screen_off_timeout 2147483647 ' failed: 'adb: more than one emulator'
WARNING      | adb command '/Users/ssw/Library/Android/sdk/platform-tools/adb -e shell settings put system screen_off_timeout 2147483647 ' failed: 'adb: more than one emulator'
WARNING      | adb command '/Users/ssw/Library/Android/sdk/platform-tools/adb -e shell settings put system screen_off_timeout 2147483647 ' failed: 'adb: more than one emulator'
WARNING      | adb command '/Users/ssw/Library/Android/sdk/platform-tools/adb -e shell settings put system screen_off_timeout 2147483647 ' failed: 'adb: more than one emulator'
WARNING      | adb command '/Users/ssw/Library/Android/sdk/platform-tools/adb -e shell settings put system screen_off_timeout 2147483647 ' failed: 'adb: more than one emulator'
WARNING      | adb command '/Users/ssw/Library/Android/sdk/platform-tools/adb -e shell settings put system screen_off_timeout 2147483647 ' failed: 'adb: more than one emulator'
WARNING      | adb command '/Users/ssw/Library/Android/sdk/platform-tools/adb -e shell settings put system screen_off_timeout 2147483647 ' failed: 'adb: more than one emulator'
WARNING      | adb command '/Users/ssw/Library/Android/sdk/platform-tools/adb -e shell settings put system screen_off_timeout 2147483647 ' failed: 'adb: more than one emulator'
WARNING      | adb command '/Users/ssw/Library/Android/sdk/platform-tools/adb -e shell settings put system screen_off_timeout 2147483647 ' failed: 'adb: more than one emulator'
WARNING      | adb command '/Users/ssw/Library/Android/sdk/platform-tools/adb -e shell settings put system screen_off_timeout 2147483647 ' failed: 'adb: more than one emulator'
WARNING      | adb command '/Users/ssw/Library/Android/sdk/platform-tools/adb -e shell settings put system screen_off_timeout 2147483647 ' failed: 'adb: more than one emulator'
WARNING      | adb command '/Users/ssw/Library/Android/sdk/platform-tools/adb -e shell settings put system screen_off_timeout 2147483647 ' failed: 'adb: more than one emulator'
WARNING      | adb command '/Users/ssw/Library/Android/sdk/platform-tools/adb -e shell settings put system screen_off_timeout 2147483647 ' failed: 'adb: more than one emulator'
WARNING      | adb command '/Users/ssw/Library/Android/sdk/platform-tools/adb -e shell settings put system screen_off_timeout 2147483647 ' failed: 'adb: more than one emulator'
WARNING      | adb command '/Users/ssw/Library/Android/sdk/platform-tools/adb -e shell settings put system screen_off_timeout 2147483647 ' failed: 'adb: more than one emulator'
WARNING      | adb command '/Users/ssw/Library/Android/sdk/platform-tools/adb -e shell settings put system screen_off_timeout 2147483647 ' failed: 'adb: more than one emulator'
WARNING      | adb command '/Users/ssw/Library/Android/sdk/platform-tools/adb -e shell settings put system screen_off_timeout 2147483647 ' failed: 'adb: more than one emulator'
WARNING      | adb command '/Users/ssw/Library/Android/sdk/platform-tools/adb -e shell settings put system screen_off_timeout 2147483647 ' failed: 'adb: more than one emulator'
WARNING      | adb command '/Users/ssw/Library/Android/sdk/platform-tools/adb -e shell settings put system screen_off_timeout 2147483647 ' failed: 'adb: more than one emulator'
WARNING      | adb command '/Users/ssw/Library/Android/sdk/platform-tools/adb -e shell settings put system screen_off_timeout 2147483647 ' failed: 'adb: more than one emulator'
WARNING      | adb command '/Users/ssw/Library/Android/sdk/platform-tools/adb -e shell settings put system screen_off_timeout 2147483647 ' failed: 'adb: more than one emulator'
WARNING      | adb command '/Users/ssw/Library/Android/sdk/platform-tools/adb -e shell settings put system screen_off_timeout 2147483647 ' failed: 'adb: more than one emulator'
WARNING      | adb command '/Users/ssw/Library/Android/sdk/platform-tools/adb -e shell settings put system screen_off_timeout 2147483647 ' failed: 'adb: more than one emulator'
WARNING      | adb command '/Users/ssw/Library/Android/sdk/platform-tools/adb -e shell settings put system screen_off_timeout 2147483647 ' failed: 'adb: more than one emulator'
WARNING      | adb command '/Users/ssw/Library/Android/sdk/platform-tools/adb -e shell settings put system screen_off_timeout 2147483647 ' failed: 'adb: more than one emulator'
WARNING      | adb command '/Users/ssw/Library/Android/sdk/platform-tools/adb -e shell settings put system screen_off_timeout 2147483647 ' failed: 'adb: more than one emulator'
WARNING      | adb command '/Users/ssw/Library/Android/sdk/platform-tools/adb -e shell settings put system screen_off_timeout 2147483647 ' failed: 'adb: more than one emulator'
WARNING      | adb command '/Users/ssw/Library/Android/sdk/platform-tools/adb -e shell settings put system screen_off_timeout 2147483647 ' failed: 'adb: more than one emulator'
WARNING      | adb command '/Users/ssw/Library/Android/sdk/platform-tools/adb -e shell settings put system screen_off_timeout 2147483647 ' failed: 'adb: more than one emulator'
WARNING      | adb command '/Users/ssw/Library/Android/sdk/platform-tools/adb -e shell settings put system screen_off_timeout 2147483647 ' failed: 'adb: more than one emulator'
WARNING      | adb command '/Users/ssw/Library/Android/sdk/platform-tools/adb -e shell settings put system screen_off_timeout 2147483647 ' failed: 'adb: more than one emulator'
WARNING      | adb command '/Users/ssw/Library/Android/sdk/platform-tools/adb -e shell settings put system screen_off_timeout 2147483647 ' failed: 'adb: more than one emulator'
WARNING      | adb command '/Users/ssw/Library/Android/sdk/platform-tools/adb -e shell settings put system screen_off_timeout 2147483647 ' failed: 'adb: more than one emulator'
WARNING      | adb command '/Users/ssw/Library/Android/sdk/platform-tools/adb -e shell settings put system screen_off_timeout 2147483647 ' failed: 'adb: more than one emulator'
WARNING      | adb command '/Users/ssw/Library/Android/sdk/platform-tools/adb -e shell settings put system screen_off_timeout 2147483647 ' failed: 'adb: more than one emulator'
WARNING      | adb command '/Users/ssw/Library/Android/sdk/platform-tools/adb -e shell settings put system screen_off_timeout 2147483647 ' failed: 'adb: more than one emulator'
WARNING      | adb command '/Users/ssw/Library/Android/sdk/platform-tools/adb -e shell settings put system screen_off_timeout 2147483647 ' failed: 'adb: more than one emulator'
WARNING      | adb command '/Users/ssw/Library/Android/sdk/platform-tools/adb -e shell settings put system screen_off_timeout 2147483647 ' failed: 'adb: more than one emulator'
WARNING      | adb command '/Users/ssw/Library/Android/sdk/platform-tools/adb -e shell settings put system screen_off_timeout 2147483647 ' failed: 'adb: more than one emulator'
WARNING      | adb command '/Users/ssw/Library/Android/sdk/platform-tools/adb -e shell settings put system screen_off_timeout 2147483647 ' failed: 'adb: more than one emulator'
WARNING      | adb command '/Users/ssw/Library/Android/sdk/platform-tools/adb -e shell settings put system screen_off_timeout 2147483647 ' failed: 'adb: more than one emulator'
WARNING      | adb command '/Users/ssw/Library/Android/sdk/platform-tools/adb -e shell settings put system screen_off_timeout 2147483647 ' failed: 'adb: more than one emulator'
WARNING      | adb command '/Users/ssw/Library/Android/sdk/platform-tools/adb -e shell settings put system screen_off_timeout 2147483647 ' failed: 'adb: more than one emulator'
WARNING      | adb command '/Users/ssw/Library/Android/sdk/platform-tools/adb -e shell logcat -G 2M ' failed: 'adb: more than one emulator'
WARNING      | adb command '/Users/ssw/Library/Android/sdk/platform-tools/adb -e shell logcat -G 2M ' failed: 'adb: more than one emulator'
WARNING      | adb command '/Users/ssw/Library/Android/sdk/platform-tools/adb -e shell logcat -G 2M ' failed: 'adb: more than one emulator'
WARNING      | adb command '/Users/ssw/Library/Android/sdk/platform-tools/adb -e shell logcat -G 2M ' failed: 'adb: more than one emulator'
WARNING      | adb command '/Users/ssw/Library/Android/sdk/platform-tools/adb -e shell logcat -G 2M ' failed: 'adb: more than one emulator'
WARNING      | adb command '/Users/ssw/Library/Android/sdk/platform-tools/adb -e shell settings put system accelerometer_rotation 1 ' failed: 'adb: more than one emulator'
WARNING      | adb command '/Users/ssw/Library/Android/sdk/platform-tools/adb -e shell settings put system accelerometer_rotation 1 ' failed: 'adb: more than one emulator'
WARNING      | adb command '/Users/ssw/Library/Android/sdk/platform-tools/adb -e shell settings put system accelerometer_rotation 1 ' failed: 'adb: more than one emulator'
WARNING      | adb command '/Users/ssw/Library/Android/sdk/platform-tools/adb -e shell settings put system accelerometer_rotation 1 ' failed: 'adb: more than one emulator'
WARNING      | adb command '/Users/ssw/Library/Android/sdk/platform-tools/adb -e shell settings put system accelerometer_rotation 1 ' failed: 'adb: more than one emulator'
WARNING      | adb command '/Users/ssw/Library/Android/sdk/platform-tools/adb -e shell am broadcast -a com.android.emulator.multidisplay.START -n com.android.emulator.multidisplay/.MultiDisplayServiceReceiver --user 0 ' failed: 'adb: more than one emulator'
WARNING      | adb command '/Users/ssw/Library/Android/sdk/platform-tools/adb -e shell am broadcast -a com.android.emulator.multidisplay.START -n com.android.emulator.multidisplay/.MultiDisplayServiceReceiver --user 0 ' failed: 'adb: more than one emulator'
WARNING      | adb command '/Users/ssw/Library/Android/sdk/platform-tools/adb -e shell am broadcast -a com.android.emulator.multidisplay.START -n com.android.emulator.multidisplay/.MultiDisplayServiceReceiver --user 0 ' failed: 'adb: more than one emulator'
WARNING      | adb command '/Users/ssw/Library/Android/sdk/platform-tools/adb -e shell am broadcast -a com.android.emulator.multidisplay.START -n com.android.emulator.multidisplay/.MultiDisplayServiceReceiver --user 0 ' failed: 'adb: more than one emulator'
WARNING      | adb command '/Users/ssw/Library/Android/sdk/platform-tools/adb -e shell am broadcast -a com.android.emulator.multidisplay.START -n com.android.emulator.multidisplay/.MultiDisplayServiceReceiver --user 0 ' failed: 'adb: more than one emulator'
