2025-10-05 23:33:40,118 - TeamAmaze/AmazeFileManager | v3.10 | saved: v3.10.apk
2025-10-05 23:33:41,676 - TeamAmaze/AmazeFileManager | v3.8.4 | saved: v3.8.4.apk
2025-10-05 23:33:44,901 - TeamAmaze/AmazeFileManager | v3.8.2 | saved: v3.8.2.apk
2025-10-05 23:33:46,595 - TeamAmaze/AmazeFileManager | v3.8.1 | saved: v3.8.1.apk
2025-10-05 23:33:49,382 - TeamAmaze/AmazeFileManager | v3.8 | saved: v3.8.apk
2025-10-05 23:33:51,703 - TeamAmaze/AmazeFileManager | v3.7.2 | saved: v3.7.2.apk
2025-10-05 23:33:54,650 - TeamAmaze/AmazeFileManager | v3.7.1 | saved: v3.7.1.apk
2025-10-05 23:33:56,254 - TeamAmaze/AmazeFileManager | v3.7.0 | saved: v3.7.0.apk
2025-10-05 23:33:57,908 - TeamAmaze/AmazeFileManager | v3.6.7 | saved: v3.6.7.apk
2025-10-05 23:33:59,673 - TeamAmaze/AmazeFileManager | v3.6.6 | saved: v3.6.6.apk
2025-10-05 23:34:01,333 - TeamAmaze/AmazeFileManager | v3.6.5 | saved: v3.6.5.apk
2025-10-05 23:34:03,315 - TeamAmaze/AmazeFileManager | v3.6.4 | saved: v3.6.4.apk
2025-10-05 23:34:07,689 - TeamAmaze/AmazeFileManager | v3.6.3 | saved: v3.6.3.apk
2025-10-05 23:34:09,511 - TeamAmaze/AmazeFileManager | v3.6.2 | saved: v3.6.2.apk
2025-10-05 23:34:11,555 - TeamAmaze/AmazeFileManager | v3.6.1 | saved: v3.6.1.apk
2025-10-05 23:34:14,315 - TeamAmaze/AmazeFileManager | v3.6.0 | saved: v3.6.0.apk
2025-10-05 23:34:16,012 - TeamAmaze/AmazeFileManager | v3.5.3 | saved: v3.5.3.apk
2025-10-05 23:34:17,977 - TeamAmaze/AmazeFileManager | v3.5.2 | saved: v3.5.2.apk
2025-10-05 23:34:20,703 - TeamAmaze/AmazeFileManager | v3.5.1 | saved: v3.5.1.apk
2025-10-05 23:34:22,268 - TeamAmaze/AmazeFileManager | v.3.5.0 | saved: v3.5.0_app-play-release-v2.apk
2025-10-05 23:34:23,842 - TeamAmaze/AmazeFileManager | v.3.5.0 | saved: v3.5.0_app-play-release.apk
2025-10-05 23:34:23,847 - SUMMARY TeamAmaze/AmazeFileManager: releases_seen=20, apks_saved=21
2025-10-06 02:12:33,609 - michelesalvador/FamilyGem | v1.2 | saved: Family_Gem_1.2.apk
2025-10-06 02:12:35,108 - michelesalvador/FamilyGem | v1.1 | saved: Family_Gem_1.1.apk
2025-10-06 02:12:36,791 - michelesalvador/FamilyGem | v1.0.1 | saved: Family_Gem_1.0.1.apk
2025-10-06 02:12:38,612 - michelesalvador/FamilyGem | v1.0 | saved: Family_Gem_1.0.apk
2025-10-06 02:12:39,743 - michelesalvador/FamilyGem | v0.9.2 | saved: Family_Gem_0.9.2.apk
2025-10-06 02:12:40,751 - michelesalvador/FamilyGem | v0.9.1 | saved: Family_Gem_0.9.1.apk
2025-10-06 02:12:42,054 - michelesalvador/FamilyGem | v0.9 | saved: Family_Gem_0.9.apk
2025-10-06 02:12:43,920 - michelesalvador/FamilyGem | v0.8 | saved: Family_Gem_0.8.apk
2025-10-06 02:12:45,303 - michelesalvador/FamilyGem | v0.7.16 | saved: Family_Gem_0.7.16.apk
2025-10-06 02:12:46,567 - michelesalvador/FamilyGem | v0.7.15 | saved: Family_Gem_0.7.15.apk
2025-10-06 02:12:46,570 - SUMMARY michelesalvador/FamilyGem: releases_seen=10, apks_saved=10
2025-10-06 12:07:34,324 - AniTrend/anitrend-app | 1.11.10 | saved: v1.11.10_app-github-release.apk
2025-10-06 12:07:36,069 - AniTrend/anitrend-app | 1.11.10 | saved: v1.11.10_app-release.apk
2025-10-06 12:07:38,702 - AniTrend/anitrend-app | 1.11.7 | saved: v1.11.7_app-github-release.apk
2025-10-06 12:07:40,490 - AniTrend/anitrend-app | 1.11.7 | saved: v1.11.7_app-release.apk
2025-10-06 12:07:42,541 - AniTrend/anitrend-app | 1.11.6 | saved: v1.11.6_app-github-release.apk
2025-10-06 12:07:46,595 - AniTrend/anitrend-app | 1.11.6 | saved: v1.11.6_app-release.apk
2025-10-06 12:07:52,495 - AniTrend/anitrend-app | 1.11.5 | saved: v1.11.5_app-github-release.apk
2025-10-06 12:07:54,798 - AniTrend/anitrend-app | 1.11.5 | saved: v1.11.5_app-release.apk
2025-10-06 12:07:56,864 - AniTrend/anitrend-app | 1.11.4 | saved: v1.11.4_app-github-release.apk
2025-10-06 12:07:58,899 - AniTrend/anitrend-app | 1.11.4 | saved: v1.11.4_app-release.apk
2025-10-06 12:08:00,599 - AniTrend/anitrend-app | 1.11.3 | saved: v1.11.3_app-github-release.apk
2025-10-06 12:08:02,754 - AniTrend/anitrend-app | 1.11.3 | saved: v1.11.3_app-release.apk
2025-10-06 12:08:15,531 - AniTrend/anitrend-app | 1.11.2 | saved: v1.11.2_app-github-release.apk
2025-10-06 12:08:17,290 - AniTrend/anitrend-app | 1.11.2 | saved: v1.11.2_app-release.apk
2025-10-06 12:08:19,453 - AniTrend/anitrend-app | 1.11.1 | saved: v1.11.1_app-github-release.apk
2025-10-06 12:08:22,715 - AniTrend/anitrend-app | 1.11.1 | saved: v1.11.1_app-release.apk
2025-10-06 12:08:25,755 - AniTrend/anitrend-app | 1.11.0 | saved: v1.11.0_app-github-release.apk
2025-10-06 12:08:28,655 - AniTrend/anitrend-app | 1.11.0 | saved: v1.11.0_app-release.apk
2025-10-06 12:08:31,643 - AniTrend/anitrend-app | 1.10.0 | saved: Bump_version_from_1.9.12_to_1.10.0_app-github-release.apk
2025-10-06 12:08:33,642 - AniTrend/anitrend-app | 1.10.0 | saved: Bump_version_from_1.9.12_to_1.10.0_app-release.apk
2025-10-06 12:08:36,250 - AniTrend/anitrend-app | 1.9.12 | saved: Bump_version_from_1.9.11_to_1.9.12_app-github-release.apk
2025-10-06 12:08:38,605 - AniTrend/anitrend-app | 1.9.12 | saved: Bump_version_from_1.9.11_to_1.9.12_app-release.apk
2025-10-06 12:08:40,671 - AniTrend/anitrend-app | 1.9.11 | saved: Bump_version_from_1.9.10_to_1.9.11_app-github-release.apk
2025-10-06 12:08:42,872 - AniTrend/anitrend-app | 1.9.11 | saved: Bump_version_from_1.9.10_to_1.9.11_app-release.apk
2025-10-06 12:08:45,377 - AniTrend/anitrend-app | 1.9.10 | saved: Bump_version_from_1.9.9_to_1.9.10_app-github-release.apk
2025-10-06 12:08:47,477 - AniTrend/anitrend-app | 1.9.10 | saved: Bump_version_from_1.9.9_to_1.9.10_app-release.apk
2025-10-06 12:08:49,759 - AniTrend/anitrend-app | 1.9.9 | saved: Bump_version_from_1.9.8_to_1.9.9_app-github-release.apk
2025-10-06 12:08:51,616 - AniTrend/anitrend-app | 1.9.9 | saved: Bump_version_from_1.9.8_to_1.9.9_app-release.apk
2025-10-06 12:08:54,557 - AniTrend/anitrend-app | 1.9.8 | saved: Bump_version_from_1.9.7_to_1.9.8_app-github-release.apk
2025-10-06 12:08:57,842 - AniTrend/anitrend-app | 1.9.8 | saved: Bump_version_from_1.9.7_to_1.9.8_app-release.apk
2025-10-06 12:09:00,219 - AniTrend/anitrend-app | 1.9.7 | saved: Bump_version_from_1.9.6_to_1.9.7_app-github-release.apk
2025-10-06 12:09:04,689 - AniTrend/anitrend-app | 1.9.7 | saved: Bump_version_from_1.9.6_to_1.9.7_app-release.apk
2025-10-06 12:09:06,672 - AniTrend/anitrend-app | 1.9.6 | saved: Bump_version_from_1.9.5_to_1.9.6_app-github-release.apk
2025-10-06 12:09:08,995 - AniTrend/anitrend-app | 1.9.6 | saved: Bump_version_from_1.9.5_to_1.9.6_app-release.apk
2025-10-06 12:09:10,994 - AniTrend/anitrend-app | 1.9.5 | saved: Bump_version_from_1.9.4_to_1.9.5_app-github-release.apk
2025-10-06 12:09:14,872 - AniTrend/anitrend-app | 1.9.5 | saved: Bump_version_from_1.9.4_to_1.9.5_app-release.apk
2025-10-06 12:09:18,154 - AniTrend/anitrend-app | 1.9.4 | saved: Bump_version_from_1.8.13_to_1.9.4_app-github-release.apk
2025-10-06 12:09:20,407 - AniTrend/anitrend-app | 1.9.4 | saved: Bump_version_from_1.8.13_to_1.9.4_app-release.apk
2025-10-06 12:09:22,521 - AniTrend/anitrend-app | 1.8.13 | saved: Bump_version_from_1.8.12_to_1.8.13_app-github-release.apk
2025-10-06 12:09:25,087 - AniTrend/anitrend-app | 1.8.13 | saved: Bump_version_from_1.8.12_to_1.8.13_app-release.apk
2025-10-06 12:09:26,893 - AniTrend/anitrend-app | 1.8.12 | saved: Bump_version_from_1.8.11_to_1.8.12_app-release-github.apk
2025-10-06 12:09:29,869 - AniTrend/anitrend-app | 1.8.12 | saved: Bump_version_from_1.8.11_to_1.8.12_app-release.apk
2025-10-06 12:09:31,721 - AniTrend/anitrend-app | 1.8.11 | saved: Bump_version_from_1.8.10_to_1.8.11_app-github-release.apk
2025-10-06 12:09:33,724 - AniTrend/anitrend-app | 1.8.11 | saved: Bump_version_from_1.8.10_to_1.8.11_app-release.apk
2025-10-06 12:09:37,455 - AniTrend/anitrend-app | 1.8.10 | saved: Bump_version_from_1.8.9_to_1.8.10_app-github-release.apk
2025-10-06 12:09:39,290 - AniTrend/anitrend-app | 1.8.10 | saved: Bump_version_from_1.8.9_to_1.8.10_app-release.apk
2025-10-06 12:09:41,026 - AniTrend/anitrend-app | 1.8.9 | saved: Bump_version_from_1.8.8_to_1.8.9_app-github-release.apk
2025-10-06 12:09:43,831 - AniTrend/anitrend-app | 1.8.9 | saved: Bump_version_from_1.8.8_to_1.8.9_app-release.apk
2025-10-06 12:09:45,764 - AniTrend/anitrend-app | 1.8.8 | saved: Bump_version_from_1.8.7_to_1.8.8_app-github-release.apk
2025-10-06 12:09:47,571 - AniTrend/anitrend-app | 1.8.8 | saved: Bump_version_from_1.8.7_to_1.8.8_app-release.apk
2025-10-06 12:09:51,408 - AniTrend/anitrend-app | 1.8.7 | saved: Bump_application_version_from_1.8.6_to_1.8.7_app-github-release.apk
2025-10-06 12:09:53,331 - AniTrend/anitrend-app | 1.8.7 | saved: Bump_application_version_from_1.8.6_to_1.8.7_app-release.apk
2025-10-06 12:09:55,113 - AniTrend/anitrend-app | 1.8.6 | saved: v1.8.6_Ehancements_&_Bug_fixes_app-github-release.apk
2025-10-06 12:09:59,008 - AniTrend/anitrend-app | 1.8.6 | saved: v1.8.6_Ehancements_&_Bug_fixes_app-release.apk
2025-10-06 12:10:02,044 - AniTrend/anitrend-app | 1.8.5 | saved: v1.8.5_Bug_fixes_app-github-release.apk
2025-10-06 12:10:05,003 - AniTrend/anitrend-app | 1.8.5 | saved: v1.8.5_Bug_fixes_app-release.apk
2025-10-06 12:10:09,648 - AniTrend/anitrend-app | 1.8.4 | saved: v1.8.4_Bug_fixes_app-github-release.apk
2025-10-06 12:10:11,909 - AniTrend/anitrend-app | 1.8.4 | saved: v1.8.4_Bug_fixes_app-release.apk
2025-10-06 12:10:15,583 - AniTrend/anitrend-app | 1.8.3 | saved: v1.8.3_Bug_fixes_app-release-github.apk
2025-10-06 12:10:17,348 - AniTrend/anitrend-app | 1.8.3 | saved: v1.8.3_Bug_fixes_app-release.apk
2025-10-06 12:10:21,127 - AniTrend/anitrend-app | 1.8.2 | saved: v1.8.2_Ehancements_&_Bug_fixes_app-release-github.apk
2025-10-06 12:10:24,796 - AniTrend/anitrend-app | 1.8.2 | saved: v1.8.2_Ehancements_&_Bug_fixes_app-release.apk
2025-10-06 12:10:26,834 - AniTrend/anitrend-app | 1.8.1 | saved: v1.8.1_Ehancements_&_Bug_fixes_app-release-github.apk
2025-10-06 12:10:29,335 - AniTrend/anitrend-app | 1.8.1 | saved: v1.8.1_Ehancements_&_Bug_fixes_app-release.apk
2025-10-06 12:10:33,160 - AniTrend/anitrend-app | 1.8.0-rc4 | saved: v1.8.0-rc4_app-release-github.apk
2025-10-06 12:10:36,132 - AniTrend/anitrend-app | 1.8.0-rc4 | saved: v1.8.0-rc4_app-release.apk
2025-10-06 12:10:38,380 - AniTrend/anitrend-app | 1.8.0-rc3 | saved: v1.8.0-rc3_app-github-release.apk
2025-10-06 12:10:40,247 - AniTrend/anitrend-app | 1.8.0-rc3 | saved: v1.8.0-rc3_app-release.apk
2025-10-06 12:10:42,027 - AniTrend/anitrend-app | 1.8.0-rc2 | saved: v1.8.0-rc2_app-github-release.apk
2025-10-06 12:10:44,887 - AniTrend/anitrend-app | 1.8.0-rc2 | saved: v1.8.0-rc2_app-release.apk
2025-10-06 12:10:47,016 - AniTrend/anitrend-app | 1.8.0-rc1 | saved: v1.8.0-rc1_app-release-github.apk
2025-10-06 12:10:50,060 - AniTrend/anitrend-app | 1.8.0-rc1 | saved: v1.8.0-rc1_app-release.apk
2025-10-06 12:10:50,063 - SUMMARY AniTrend/anitrend-app: releases_seen=36, apks_saved=72
2025-10-06 12:33:43,332 - federicoiosue/Omni-Notes | 6.3.1 | saved: 6.3.1.apk
2025-10-06 12:33:45,096 - federicoiosue/Omni-Notes | 6.3.0 | saved: 6.3.0.apk
2025-10-06 12:33:46,124 - federicoiosue/Omni-Notes | 6.3.0_alpha_1 | saved: 6.3.0_Alpha.apk
2025-10-06 12:33:47,223 - federicoiosue/Omni-Notes | 6.2.8 | saved: 6.2.8.apk
2025-10-06 12:33:48,309 - federicoiosue/Omni-Notes | 6.2.7 | saved: 6.2.7.apk
2025-10-06 12:33:49,359 - federicoiosue/Omni-Notes | 6.2.5 | saved: 6.2.5.apk
2025-10-06 12:33:50,674 - federicoiosue/Omni-Notes | 6.2.4 | saved: 6.2.4.apk
2025-10-06 12:33:51,860 - federicoiosue/Omni-Notes | 6.2.3 | saved: 6.2.3.apk
2025-10-06 12:33:54,126 - federicoiosue/Omni-Notes | 6.2.2 | saved: 6.2.2.apk
2025-10-06 12:33:55,167 - federicoiosue/Omni-Notes | 6.2.0_alpha | saved: 6.2.0_Alpha_-_Separate_app.apk
2025-10-06 12:33:57,313 - federicoiosue/Omni-Notes | 6.1.0 | saved: 6.1.0.apk
2025-10-06 12:33:58,514 - federicoiosue/Omni-Notes | 4.7.2 | saved: 4.7.2.apk
2025-10-06 12:33:58,516 - SUMMARY federicoiosue/Omni-Notes: releases_seen=12, apks_saved=12
