2025-10-03 15:11:30,092 - Adventech/sabbath-school-android: downloaded 1 apk(s) from release '3.2.811': ['com.cryart.sabbathschool.apk']
2025-10-03 15:11:30,092 - SUCCESS - Adventech/sabbath-school-android: downloaded 1 apk(s) from release '3.2.811': ['com.cryart.sabbathschool.apk']
2025-10-03 15:11:32,361 - andstatus/andstatus: downloaded 1 apk(s) from release '62.03-release': ['org.andstatus.app.apk']
2025-10-03 15:11:32,361 - SUCCESS - andstatus/andstatus: downloaded 1 apk(s) from release '62.03-release': ['org.andstatus.app.apk']
2025-10-03 15:11:37,698 - AniTrend/anitrend-app: downloaded 2 apk(s) from release '1.11.10': ['com.mxt.anitrend_app-github-release.apk', 'com.mxt.anitrend_app-release.apk']
2025-10-03 15:11:37,698 - SUCCESS - AniTrend/anitrend-app: downloaded 2 apk(s) from release '1.11.10': ['com.mxt.anitrend_app-github-release.apk', 'com.mxt.anitrend_app-release.apk']
2025-10-03 15:11:39,625 - Anrimian/music-player: downloaded 1 apk(s) from release 'v0.9.8.2': ['com.github.anrimian.musicplayer.apk']
2025-10-03 15:11:39,625 - SUCCESS - Anrimian/music-player: downloaded 1 apk(s) from release 'v0.9.8.2': ['com.github.anrimian.musicplayer.apk']
2025-10-03 15:11:41,484 - AnySoftKeyboard/AnySoftKeyboard: downloaded 1 apk(s) from release '1.12-r1': ['com.menny.android.anysoftkeyboard.apk']
2025-10-03 15:11:41,484 - SUCCESS - AnySoftKeyboard/AnySoftKeyboard: downloaded 1 apk(s) from release '1.12-r1': ['com.menny.android.anysoftkeyboard.apk']
2025-10-03 15:11:42,941 - ap-atul/music_player_lite: downloaded 1 apk(s) from release 'v0.17': ['com.atul.musicplayer.apk']
2025-10-03 15:11:42,941 - SUCCESS - ap-atul/music_player_lite: downloaded 1 apk(s) from release 'v0.17': ['com.atul.musicplayer.apk']
2025-10-03 15:11:47,470 - axiel7/MoeList: downloaded 5 apk(s) from release 'v3.8.0': ['com.axiel7.moelist_moelist-v3.8.0-arm64-v8a-release.apk', 'com.axiel7.moelist_moelist-v3.8.0-armeabi-v7a-release.apk', 'com.axiel7.moelist_moelist-v3.8.0-universal-release.apk', 'com.axiel7.moelist_moelist-v3.8.0-x86-release.apk', 'com.axiel7.moelist_moelist-v3.8.0-x86_64-release.apk']
2025-10-03 15:11:47,470 - SUCCESS - axiel7/MoeList: downloaded 5 apk(s) from release 'v3.8.0': ['com.axiel7.moelist_moelist-v3.8.0-arm64-v8a-release.apk', 'com.axiel7.moelist_moelist-v3.8.0-armeabi-v7a-release.apk', 'com.axiel7.moelist_moelist-v3.8.0-universal-release.apk', 'com.axiel7.moelist_moelist-v3.8.0-x86-release.apk', 'com.axiel7.moelist_moelist-v3.8.0-x86_64-release.apk']
2025-10-03 15:11:49,772 - CatimaLoyalty/Android: downloaded 1 apk(s) from release 'v2.39.1': ['me.hackerchick.catima.apk']
2025-10-03 15:11:49,772 - SUCCESS - CatimaLoyalty/Android: downloaded 1 apk(s) from release 'v2.39.1': ['me.hackerchick.catima.apk']
2025-10-03 15:12:00,381 - Crazy-Marvin/MetadataRemover: downloaded 4 apk(s) from release 'v3.0.0': ['rocks.poopjournal.MetadataRemover_app-arm64-v8a-release.apk', 'rocks.poopjournal.MetadataRemover_app-armeabi-v7a-release.apk', 'rocks.poopjournal.MetadataRemover_app-x86-release.apk', 'rocks.poopjournal.MetadataRemover_app-x86_64-release.apk']
2025-10-03 15:12:00,381 - SUCCESS - Crazy-Marvin/MetadataRemover: downloaded 4 apk(s) from release 'v3.0.0': ['rocks.poopjournal.MetadataRemover_app-arm64-v8a-release.apk', 'rocks.poopjournal.MetadataRemover_app-armeabi-v7a-release.apk', 'rocks.poopjournal.MetadataRemover_app-x86-release.apk', 'rocks.poopjournal.MetadataRemover_app-x86_64-release.apk']
2025-10-03 15:12:02,980 - d4rken-org/bluemusic: downloaded 1 apk(s) from release 'v2.52': ['eu.darken.bluemusic.apk']
2025-10-03 15:12:02,980 - SUCCESS - d4rken-org/bluemusic: downloaded 1 apk(s) from release 'v2.52': ['eu.darken.bluemusic.apk']
2025-10-03 15:12:06,450 - Docile-Alligator/Infinity-For-Reddit: downloaded 2 apk(s) from release 'v8.0.4': ['ml.docilealligator.infinityforreddit.plus_Infinity-Patreon-v8.0.4.apk', 'ml.docilealligator.infinityforreddit.plus_Infinity-v8.0.4.apk']
2025-10-03 15:12:06,451 - SUCCESS - Docile-Alligator/Infinity-For-Reddit: downloaded 2 apk(s) from release 'v8.0.4': ['ml.docilealligator.infinityforreddit.plus_Infinity-Patreon-v8.0.4.apk', 'ml.docilealligator.infinityforreddit.plus_Infinity-v8.0.4.apk']
2025-10-03 15:12:09,018 - eladnava/redalert-android: downloaded 1 apk(s) from release '1.0.89': ['com.red.alert.apk']
2025-10-03 15:12:09,018 - SUCCESS - eladnava/redalert-android: downloaded 1 apk(s) from release '1.0.89': ['com.red.alert.apk']
2025-10-03 15:12:10,981 - federicoiosue/Omni-Notes: downloaded 1 apk(s) from release '6.3.1': ['it.feio.android.omninotes.apk']
2025-10-03 15:12:10,981 - SUCCESS - federicoiosue/Omni-Notes: downloaded 1 apk(s) from release '6.3.1': ['it.feio.android.omninotes.apk']
2025-10-03 15:12:16,173 - getodk/collect: downloaded 1 apk(s) from release 'v2025.3.1': ['org.odk.collect.android.apk']
2025-10-03 15:12:16,174 - SUCCESS - getodk/collect: downloaded 1 apk(s) from release 'v2025.3.1': ['org.odk.collect.android.apk']
2025-10-03 15:12:18,077 - grote/Transportr: downloaded 1 apk(s) from release '2.2.3': ['de.grobox.liberario.apk']
2025-10-03 15:12:18,077 - SUCCESS - grote/Transportr: downloaded 1 apk(s) from release '2.2.3': ['de.grobox.liberario.apk']
2025-10-03 15:12:19,852 - jclehner/rxdroid: downloaded 1 apk(s) from release 'v0.9.38': ['at.jclehner.rxdroid.apk']
2025-10-03 15:12:19,852 - SUCCESS - jclehner/rxdroid: downloaded 1 apk(s) from release 'v0.9.38': ['at.jclehner.rxdroid.apk']
2025-10-03 15:12:30,547 - jellyfin/jellyfin-android: downloaded 6 apk(s) from release 'v2.6.3': ['org.jellyfin.mobile_jellyfin-android-v2.6.3-libre-debug.apk', 'org.jellyfin.mobile_jellyfin-android-v2.6.3-libre-release-unsigned.apk', 'org.jellyfin.mobile_jellyfin-android-v2.6.3-libre-release.apk', 'org.jellyfin.mobile_jellyfin-android-v2.6.3-proprietary-debug.apk', 'org.jellyfin.mobile_jellyfin-android-v2.6.3-proprietary-release-unsigned.apk', 'org.jellyfin.mobile_jellyfin-android-v2.6.3-proprietary-release.apk']
2025-10-03 15:12:30,547 - SUCCESS - jellyfin/jellyfin-android: downloaded 6 apk(s) from release 'v2.6.3': ['org.jellyfin.mobile_jellyfin-android-v2.6.3-libre-debug.apk', 'org.jellyfin.mobile_jellyfin-android-v2.6.3-libre-release-unsigned.apk', 'org.jellyfin.mobile_jellyfin-android-v2.6.3-libre-release.apk', 'org.jellyfin.mobile_jellyfin-android-v2.6.3-proprietary-debug.apk', 'org.jellyfin.mobile_jellyfin-android-v2.6.3-proprietary-release-unsigned.apk', 'org.jellyfin.mobile_jellyfin-android-v2.6.3-proprietary-release.apk']
2025-10-03 15:13:30,183 - JLindemann42/Atomic-Periodic-Table.Android: downloaded 1 apk(s) from release 'v4.0.1m-build150': ['com.jlindemann.science.apk']
2025-10-03 15:13:30,184 - SUCCESS - JLindemann42/Atomic-Periodic-Table.Android: downloaded 1 apk(s) from release 'v4.0.1m-build150': ['com.jlindemann.science.apk']
2025-10-03 15:13:31,844 - kawaiiDango/pano-scrobbler: downloaded 1 apk(s) from release '413': ['com.arn.scrobble.apk']
2025-10-03 15:13:31,844 - SUCCESS - kawaiiDango/pano-scrobbler: downloaded 1 apk(s) from release '413': ['com.arn.scrobble.apk']
2025-10-03 15:14:19,533 - MarcusWolschon/osmeditor4android: downloaded 1 apk(s) from release '21.1.4.0': ['de.blau.android.apk']
2025-10-03 15:14:19,533 - SUCCESS - MarcusWolschon/osmeditor4android: downloaded 1 apk(s) from release '21.1.4.0': ['de.blau.android.apk']
2025-10-03 15:14:20,978 - markusfisch/ShaderEditor: downloaded 1 apk(s) from release '2.35.2': ['de.markusfisch.android.shadereditor.apk']
2025-10-03 15:14:20,979 - SUCCESS - markusfisch/ShaderEditor: downloaded 1 apk(s) from release '2.35.2': ['de.markusfisch.android.shadereditor.apk']
2025-10-03 15:14:22,402 - markusfisch/Libra: downloaded 1 apk(s) from release '1.13.2': ['de.markusfisch.android.libra.apk']
2025-10-03 15:14:22,402 - SUCCESS - markusfisch/Libra: downloaded 1 apk(s) from release '1.13.2': ['de.markusfisch.android.libra.apk']
2025-10-03 15:14:24,166 - mastodon/mastodon-android: downloaded 1 apk(s) from release 'v2.11.2': ['org.joinmastodon.android.apk']
2025-10-03 15:14:24,166 - SUCCESS - mastodon/mastodon-android: downloaded 1 apk(s) from release 'v2.11.2': ['org.joinmastodon.android.apk']
2025-10-03 15:14:28,068 - mathisdt/trackworktime: downloaded 2 apk(s) from release 'v1.1.26': ['org.zephyrsoft.trackworktime_TrackWorkTime_1.1.26_2025-08-24-21-04-04_release-signed.apk', 'org.zephyrsoft.trackworktime_TrackWorkTime_1.1.26_2025-08-24-21-04-04_release-unsigned.apk']
2025-10-03 15:14:28,068 - SUCCESS - mathisdt/trackworktime: downloaded 2 apk(s) from release 'v1.1.26': ['org.zephyrsoft.trackworktime_TrackWorkTime_1.1.26_2025-08-24-21-04-04_release-signed.apk', 'org.zephyrsoft.trackworktime_TrackWorkTime_1.1.26_2025-08-24-21-04-04_release-unsigned.apk']
2025-10-03 15:14:33,494 - max-kammerer/orion-viewer: downloaded 4 apk(s) from release '0.95.9': ['universe.constellation.orion.viewer_orion-viewer-0.95.9-arm64-v8a-release.apk', 'universe.constellation.orion.viewer_orion-viewer-0.95.9-armeabi-v7a-release.apk', 'universe.constellation.orion.viewer_orion-viewer-0.95.9-x86-release.apk', 'universe.constellation.orion.viewer_orion-viewer-0.95.9-x86_64-release.apk']
2025-10-03 15:14:33,494 - SUCCESS - max-kammerer/orion-viewer: downloaded 4 apk(s) from release '0.95.9': ['universe.constellation.orion.viewer_orion-viewer-0.95.9-arm64-v8a-release.apk', 'universe.constellation.orion.viewer_orion-viewer-0.95.9-armeabi-v7a-release.apk', 'universe.constellation.orion.viewer_orion-viewer-0.95.9-x86-release.apk', 'universe.constellation.orion.viewer_orion-viewer-0.95.9-x86_64-release.apk']
2025-10-03 15:14:34,976 - michaldrabik/showly: downloaded 1 apk(s) from release '3.55.0': ['com.michaldrabik.showly2.apk']
2025-10-03 15:14:34,976 - SUCCESS - michaldrabik/showly: downloaded 1 apk(s) from release '3.55.0': ['com.michaldrabik.showly2.apk']
2025-10-03 15:14:36,725 - michelesalvador/FamilyGem: downloaded 1 apk(s) from release 'v1.2': ['app.familygem.apk']
2025-10-03 15:14:36,725 - SUCCESS - michelesalvador/FamilyGem: downloaded 1 apk(s) from release 'v1.2': ['app.familygem.apk']
2025-10-03 15:14:39,885 - mkulesh/onpc: downloaded 1 apk(s) from release 'v1.37': ['com.mkulesh.onpc.apk']
2025-10-03 15:14:39,886 - SUCCESS - mkulesh/onpc: downloaded 1 apk(s) from release 'v1.37': ['com.mkulesh.onpc.apk']
2025-10-03 15:14:42,538 - moezbhatti/qksms: downloaded 1 apk(s) from release 'v3.9.4': ['com.moez.QKSMS.apk']
2025-10-03 15:14:42,538 - SUCCESS - moezbhatti/qksms: downloaded 1 apk(s) from release 'v3.9.4': ['com.moez.QKSMS.apk']
2025-10-03 15:14:45,606 - moneymanagerex/android-money-manager-ex: downloaded 1 apk(s) from release '5.4.9': ['com.money.manager.ex.android.apk']
2025-10-03 15:14:45,606 - SUCCESS - moneymanagerex/android-money-manager-ex: downloaded 1 apk(s) from release '5.4.9': ['com.money.manager.ex.android.apk']
2025-10-03 15:14:47,944 - More-Than-Solitaire/Tabs-Lite: downloaded 1 apk(s) from release 'v3.7.0': ['com.gbros.tabslite.apk']
2025-10-03 15:14:47,944 - SUCCESS - More-Than-Solitaire/Tabs-Lite: downloaded 1 apk(s) from release 'v3.7.0': ['com.gbros.tabslite.apk']
2025-10-03 15:14:56,554 - nextcloud/android: downloaded 2 apk(s) from release 'stable-3.34.0': ['com.nextcloud.client_gplay-release-30340090.apk', 'com.nextcloud.client_nextcloud-30340090.apk']
2025-10-03 15:14:56,555 - SUCCESS - nextcloud/android: downloaded 2 apk(s) from release 'stable-3.34.0': ['com.nextcloud.client_gplay-release-30340090.apk', 'com.nextcloud.client_nextcloud-30340090.apk']
2025-10-03 15:14:58,723 - nextcloud/notes-android: downloaded 1 apk(s) from release '4.5.0': ['it.niedermann.owncloud.notes.apk']
2025-10-03 15:14:58,723 - SUCCESS - nextcloud/notes-android: downloaded 1 apk(s) from release '4.5.0': ['it.niedermann.owncloud.notes.apk']
2025-10-03 15:15:22,362 - nextcloud/talk-android: downloaded 2 apk(s) from release 'v22.0.1': ['com.nextcloud.talk2_gplay-nextcloud-talk-22.0.1.apk', 'com.nextcloud.talk2_nextcloud-talk-22.0.1.apk']
2025-10-03 15:15:22,362 - SUCCESS - nextcloud/talk-android: downloaded 2 apk(s) from release 'v22.0.1': ['com.nextcloud.talk2_gplay-nextcloud-talk-22.0.1.apk', 'com.nextcloud.talk2_nextcloud-talk-22.0.1.apk']
2025-10-03 15:15:24,835 - nilsbraden/ttrss-reader-fork: downloaded 1 apk(s) from release 'v1.97.8_1978': ['org.ttrssreader.apk']
2025-10-03 15:15:24,836 - SUCCESS - nilsbraden/ttrss-reader-fork: downloaded 1 apk(s) from release 'v1.97.8_1978': ['org.ttrssreader.apk']
2025-10-03 15:15:26,301 - FAILED - oppia/oppia-android: no qualifying release with APK (allow_pre=False)
2025-10-03 15:15:29,134 - orgzly/orgzly-android: downloaded 1 apk(s) from release 'v1.8.10': ['com.orgzly.apk']
2025-10-03 15:15:29,134 - SUCCESS - orgzly/orgzly-android: downloaded 1 apk(s) from release 'v1.8.10': ['com.orgzly.apk']
2025-10-03 15:15:32,354 - owntracks/android: downloaded 2 apk(s) from release 'v2.5.4': ['org.owntracks.android_owntracks-release-gms-420504022.apk', 'org.owntracks.android_owntracks-release-oss-420504022.apk']
2025-10-03 15:15:32,355 - SUCCESS - owntracks/android: downloaded 2 apk(s) from release 'v2.5.4': ['org.owntracks.android_owntracks-release-gms-420504022.apk', 'org.owntracks.android_owntracks-release-oss-420504022.apk']
2025-10-03 15:15:33,801 - pakka-papad/Zen: downloaded 1 apk(s) from release 'v1.2.5': ['com.github.pakka_papad.apk']
2025-10-03 15:15:33,801 - SUCCESS - pakka-papad/Zen: downloaded 1 apk(s) from release 'v1.2.5': ['com.github.pakka_papad.apk']
2025-10-03 15:15:35,554 - pantasystem/Milktea: downloaded 1 apk(s) from release 'v2.163.3': ['jp.panta.misskeyandroidclient.apk']
2025-10-03 15:15:35,554 - SUCCESS - pantasystem/Milktea: downloaded 1 apk(s) from release 'v2.163.3': ['jp.panta.misskeyandroidclient.apk']
2025-10-03 15:15:37,232 - patzly/tack-android: downloaded 1 apk(s) from release 'v5.0.0': ['xyz.zedler.patrick.tack.apk']
2025-10-03 15:15:37,232 - SUCCESS - patzly/tack-android: downloaded 1 apk(s) from release 'v5.0.0': ['xyz.zedler.patrick.tack.apk']
2025-10-03 15:15:38,929 - QuantumBadger/RedReader: downloaded 1 apk(s) from release 'v1.24.1': ['org.quantumbadger.redreader.apk']
2025-10-03 15:15:38,930 - SUCCESS - QuantumBadger/RedReader: downloaded 1 apk(s) from release 'v1.24.1': ['org.quantumbadger.redreader.apk']
2025-10-03 15:15:41,696 - RetroMusicPlayer/RetroMusicPlayer: downloaded 2 apk(s) from release 'v6.5.0': ['code.name.monkey.retromusic_app-fdroid-release.apk', 'code.name.monkey.retromusic_app-normal-release.apk']
2025-10-03 15:15:41,696 - SUCCESS - RetroMusicPlayer/RetroMusicPlayer: downloaded 2 apk(s) from release 'v6.5.0': ['code.name.monkey.retromusic_app-fdroid-release.apk', 'code.name.monkey.retromusic_app-normal-release.apk']
2025-10-03 15:15:44,029 - rkkr/simple-keyboard: downloaded 1 apk(s) from release '137': ['rkr.simplekeyboard.inputmethod.apk']
2025-10-03 15:15:44,029 - SUCCESS - rkkr/simple-keyboard: downloaded 1 apk(s) from release '137': ['rkr.simplekeyboard.inputmethod.apk']
2025-10-03 15:15:46,182 - SamAmco/track-and-graph: downloaded 1 apk(s) from release 'v7.0.10': ['com.samco.trackandgraph.apk']
2025-10-03 15:15:46,182 - SUCCESS - SamAmco/track-and-graph: downloaded 1 apk(s) from release 'v7.0.10': ['com.samco.trackandgraph.apk']
2025-10-03 15:15:47,691 - SapuSeven/BetterUntis: downloaded 1 apk(s) from release '4.0.3': ['com.sapuseven.untis.apk']
2025-10-03 15:15:47,691 - SUCCESS - SapuSeven/BetterUntis: downloaded 1 apk(s) from release '4.0.3': ['com.sapuseven.untis.apk']
2025-10-03 15:15:52,256 - SimonSchubert/LinuxCommandLibrary: downloaded 1 apk(s) from release 'v3.4.6': ['com.inspiredandroid.linuxcommandbibliotheca.apk']
2025-10-03 15:15:52,256 - SUCCESS - SimonSchubert/LinuxCommandLibrary: downloaded 1 apk(s) from release 'v3.4.6': ['com.inspiredandroid.linuxcommandbibliotheca.apk']
2025-10-03 15:15:54,705 - smc/Indic-Keyboard: downloaded 2 apk(s) from release 'v3.4': ['org.smc.inputmethod.indic_org.smc.inputmethod.indic_v3.4-arm64-v8a.apk', 'org.smc.inputmethod.indic_org.smc.inputmethod.indic_v3.4-armeabi-v7a.apk']
2025-10-03 15:15:54,706 - SUCCESS - smc/Indic-Keyboard: downloaded 2 apk(s) from release 'v3.4': ['org.smc.inputmethod.indic_org.smc.inputmethod.indic_v3.4-arm64-v8a.apk', 'org.smc.inputmethod.indic_org.smc.inputmethod.indic_v3.4-armeabi-v7a.apk']
2025-10-03 15:15:59,218 - spacecowboy/Feeder: downloaded 2 apk(s) from release '2.15.0': ['com.nononsenseapps.feeder.play_app-fdroid-release.apk', 'com.nononsenseapps.feeder.play_app-play-release.apk']
2025-10-03 15:15:59,218 - SUCCESS - spacecowboy/Feeder: downloaded 2 apk(s) from release '2.15.0': ['com.nononsenseapps.feeder.play_app-fdroid-release.apk', 'com.nononsenseapps.feeder.play_app-play-release.apk']
2025-10-03 15:16:07,874 - sspanak/tt9: downloaded 2 apk(s) from release 'v55.0': ['io.github.sspanak.tt9_tt9-v55.0-full.apk', 'io.github.sspanak.tt9_tt9-v55.0.apk']
2025-10-03 15:16:07,874 - SUCCESS - sspanak/tt9: downloaded 2 apk(s) from release 'v55.0': ['io.github.sspanak.tt9_tt9-v55.0-full.apk', 'io.github.sspanak.tt9_tt9-v55.0.apk']
2025-10-03 15:16:12,113 - streetcomplete/StreetComplete: downloaded 1 apk(s) from release 'v61.3': ['de.westnordost.streetcomplete.apk']
2025-10-03 15:16:12,113 - SUCCESS - streetcomplete/StreetComplete: downloaded 1 apk(s) from release 'v61.3': ['de.westnordost.streetcomplete.apk']
2025-10-03 15:16:14,826 - syt0r/Kanji-Dojo: downloaded 1 apk(s) from release 'v2.1.9': ['ua.syt0r.kanji.apk']
2025-10-03 15:16:14,826 - SUCCESS - syt0r/Kanji-Dojo: downloaded 1 apk(s) from release 'v2.1.9': ['ua.syt0r.kanji.apk']
2025-10-03 15:16:17,274 - TeamAmaze/AmazeFileManager: downloaded 1 apk(s) from release 'v3.10': ['com.amaze.filemanager.apk']
2025-10-03 15:16:17,274 - SUCCESS - TeamAmaze/AmazeFileManager: downloaded 1 apk(s) from release 'v3.10': ['com.amaze.filemanager.apk']
2025-10-03 15:16:20,220 - v2er-app/Android: downloaded 2 apk(s) from release 'v2.3.10': ['me.ghui.v2er_v2er-v2.3.10.apk', 'me.ghui.v2er_v2er-v2.3.10_google_play_signed.apk']
2025-10-03 15:16:20,220 - SUCCESS - v2er-app/Android: downloaded 2 apk(s) from release 'v2.3.10': ['me.ghui.v2er_v2er-v2.3.10.apk', 'me.ghui.v2er_v2er-v2.3.10_google_play_signed.apk']
2025-10-03 15:16:22,992 - VincentEngel/VES-Image-Compare: downloaded 1 apk(s) from release 'fdroid-v2.3.0': ['com.vincentengelsoftware.vesandroidimagecompare.apk']
2025-10-03 15:16:22,992 - SUCCESS - VincentEngel/VES-Image-Compare: downloaded 1 apk(s) from release 'fdroid-v2.3.0': ['com.vincentengelsoftware.vesandroidimagecompare.apk']
2025-10-03 15:16:26,428 - wallabag/android-app: downloaded 1 apk(s) from release '2.5.3': ['fr.gaulupeau.apps.InThePoche.apk']
2025-10-03 15:16:26,428 - SUCCESS - wallabag/android-app: downloaded 1 apk(s) from release '2.5.3': ['fr.gaulupeau.apps.InThePoche.apk']
2025-10-03 15:16:33,222 - z-huang/InnerTune: downloaded 5 apk(s) from release 'v0.5.10': ['com.arn.scrobble_InnerTune_v0.5.10_foss.apk', 'com.arn.scrobble_InnerTune_v0.5.10_full_arm64-v8a.apk', 'com.arn.scrobble_InnerTune_v0.5.10_full_armeabi-v7a.apk', 'com.arn.scrobble_InnerTune_v0.5.10_full_x86.apk', 'com.arn.scrobble_InnerTune_v0.5.10_full_x86_64.apk']
2025-10-03 15:16:33,222 - SUCCESS - z-huang/InnerTune: downloaded 5 apk(s) from release 'v0.5.10': ['com.arn.scrobble_InnerTune_v0.5.10_foss.apk', 'com.arn.scrobble_InnerTune_v0.5.10_full_arm64-v8a.apk', 'com.arn.scrobble_InnerTune_v0.5.10_full_armeabi-v7a.apk', 'com.arn.scrobble_InnerTune_v0.5.10_full_x86.apk', 'com.arn.scrobble_InnerTune_v0.5.10_full_x86_64.apk']
2025-10-03 15:16:34,576 - zend10/AL-chan: downloaded 1 apk(s) from release 'v2.1.2': ['com.zen.alchan.apk']
2025-10-03 15:16:34,576 - SUCCESS - zend10/AL-chan: downloaded 1 apk(s) from release 'v2.1.2': ['com.zen.alchan.apk']
2025-10-03 15:16:37,586 - zhanghai/MaterialFiles: downloaded 2 apk(s) from release 'v1.7.4': ['me.zhanghai.android.files_app-release-fdroid.apk', 'me.zhanghai.android.files_app-release-universal.apk']
2025-10-03 15:16:37,586 - SUCCESS - zhanghai/MaterialFiles: downloaded 2 apk(s) from release 'v1.7.4': ['me.zhanghai.android.files_app-release-fdroid.apk', 'me.zhanghai.android.files_app-release-universal.apk']
2025-10-05 17:01:02,811 - FAILED - anitrend-app: no qualifying release with APK (allow_pre=False)
2025-10-05 17:01:35,107 - AniTrend/anitrend-app: downloaded 2 apk(s) from release '1.11.10': ['com.mxt.anitrend_app-github-release.apk', 'com.mxt.anitrend_app-release.apk']
2025-10-05 17:01:35,108 - SUCCESS - AniTrend/anitrend-app: downloaded 2 apk(s) from release '1.11.10': ['com.mxt.anitrend_app-github-release.apk', 'com.mxt.anitrend_app-release.apk']
2025-10-05 17:02:09,901 - Crazy-Marvin/MetadataRemover: downloaded 4 apk(s) from release 'v3.0.0': ['rocks.poopjournal.MetadataRemover_app-arm64-v8a-release.apk', 'rocks.poopjournal.MetadataRemover_app-armeabi-v7a-release.apk', 'rocks.poopjournal.MetadataRemover_app-x86-release.apk', 'rocks.poopjournal.MetadataRemover_app-x86_64-release.apk']
2025-10-05 17:02:09,902 - SUCCESS - Crazy-Marvin/MetadataRemover: downloaded 4 apk(s) from release 'v3.0.0': ['rocks.poopjournal.MetadataRemover_app-arm64-v8a-release.apk', 'rocks.poopjournal.MetadataRemover_app-armeabi-v7a-release.apk', 'rocks.poopjournal.MetadataRemover_app-x86-release.apk', 'rocks.poopjournal.MetadataRemover_app-x86_64-release.apk']
2025-10-05 17:02:34,408 - moneymanagerex/android-money-manager-ex: downloaded 1 apk(s) from release '5.4.9': ['com.money.manager.ex.android.apk']
2025-10-05 17:02:34,408 - SUCCESS - moneymanagerex/android-money-manager-ex: downloaded 1 apk(s) from release '5.4.9': ['com.money.manager.ex.android.apk']
2025-10-05 17:03:06,927 - nextcloud/android: downloaded 2 apk(s) from release 'stable-3.34.0': ['com.nextcloud.client_gplay-release-30340090.apk', 'com.nextcloud.client_nextcloud-30340090.apk']
2025-10-05 17:03:06,928 - SUCCESS - nextcloud/android: downloaded 2 apk(s) from release 'stable-3.34.0': ['com.nextcloud.client_gplay-release-30340090.apk', 'com.nextcloud.client_nextcloud-30340090.apk']
2025-10-05 17:03:28,485 - owntracks/android: downloaded 2 apk(s) from release 'v2.5.4': ['org.owntracks.android_owntracks-release-gms-420504022.apk', 'org.owntracks.android_owntracks-release-oss-420504022.apk']
2025-10-05 17:03:28,486 - SUCCESS - owntracks/android: downloaded 2 apk(s) from release 'v2.5.4': ['org.owntracks.android_owntracks-release-gms-420504022.apk', 'org.owntracks.android_owntracks-release-oss-420504022.apk']
2025-10-05 17:03:47,926 - spacecowboy/Feeder: downloaded 2 apk(s) from release '2.15.0': ['com.nononsenseapps.feeder.play_app-fdroid-release.apk', 'com.nononsenseapps.feeder.play_app-play-release.apk']
2025-10-05 17:03:47,926 - SUCCESS - spacecowboy/Feeder: downloaded 2 apk(s) from release '2.15.0': ['com.nononsenseapps.feeder.play_app-fdroid-release.apk', 'com.nononsenseapps.feeder.play_app-play-release.apk']
2025-10-05 17:05:34,338 - syt0r/Kanji-Dojo: downloaded 1 apk(s) from release 'v2.1.9': ['ua.syt0r.kanji.apk']
2025-10-05 17:05:34,339 - SUCCESS - syt0r/Kanji-Dojo: downloaded 1 apk(s) from release 'v2.1.9': ['ua.syt0r.kanji.apk']
2025-10-05 17:05:50,209 - v2er-app/Android: downloaded 2 apk(s) from release 'v2.3.10': ['me.ghui.v2er_v2er-v2.3.10.apk', 'me.ghui.v2er_v2er-v2.3.10_google_play_signed.apk']
2025-10-05 17:05:50,210 - SUCCESS - v2er-app/Android: downloaded 2 apk(s) from release 'v2.3.10': ['me.ghui.v2er_v2er-v2.3.10.apk', 'me.ghui.v2er_v2er-v2.3.10_google_play_signed.apk']
2025-10-05 17:07:21,965 - VincentEngel/VES-Image-Compare: downloaded 1 apk(s) from release 'fdroid-v2.3.0': ['com.vincentengelsoftware.vesandroidimagecompare.apk']
2025-10-05 17:07:21,965 - SUCCESS - VincentEngel/VES-Image-Compare: downloaded 1 apk(s) from release 'fdroid-v2.3.0': ['com.vincentengelsoftware.vesandroidimagecompare.apk']
