2025-10-01 17:01:57,302 - LINE 3 - FAILED yaxim-org/yaxim - GH_APK=0 / FDroid_APK=0 (pkg=org.yaxim.androidclient)
2025-10-01 17:01:57,316 - LINE 7 - FAILED cyclestreets/android - GH_APK=0 / FDroid_APK=3 (pkg=net.cyclestreets)
2025-10-01 17:01:57,374 - LINE 1 - FAILED halfhp/androidplot - GH_APK=0 / FDroid_APK=0 (pkg=com.androidplot.demos)
2025-10-01 17:01:57,395 - LINE 6 - SUCCESS Kaljurand/K6nele - GH_APK=5 / FDroid_APK=3 (pkg=ee.ioc.phon.android.speak)
2025-10-01 17:01:57,622 - LINE 0 - SUCCESS AnySoftKeyboard/AnySoftKeyboard - GH_APK=5 / FDroid_APK=3 (pkg=com.menny.android.anysoftkeyboard)
2025-10-01 17:01:57,719 - LINE 9 - FAILED maxistar/TextPad - GH_APK=0 / FDroid_APK=3 (pkg=com.maxistar.textpad)
2025-10-01 17:01:57,761 - LINE 8 - FAILED murgo/IrssiNotifier - GH_APK=3 / FDroid_APK=0 (pkg=fi.iki.murgo.irssinotifier)
2025-10-01 17:01:57,818 - LINE 2 - FAILED labexp/osmtracker-android - GH_APK=2 / FDroid_APK=3 (pkg=net.osmtracker)
2025-10-01 17:01:57,824 - LINE 4 - FAILED dozingcat/Vector-Pinball - GH_APK=3 / FDroid_APK=3 (pkg=com.dozingcatsoftware.bouncy)
2025-10-01 17:01:58,097 - LINE 5 - FAILED maxpower47/PinDroid - GH_APK=0 / FDroid_APK=3 (pkg=com.pindroid.readlater)
2025-10-01 17:01:59,389 - LINE 10 - FAILED Awful/Awful.apk - GH_APK=1 / FDroid_APK=0 (pkg=com.ferg.awfulapp)
2025-10-01 17:01:59,431 - LINE 12 - SUCCESS 00-Evan/shattered-pixel-dungeon - GH_APK=5 / FDroid_APK=3 (pkg=com.shatteredpixel.shatteredpixeldungeon)
2025-10-01 17:01:59,593 - LINE 19 - FAILED 1hakr/AnExplorer - GH_APK=0 / FDroid_APK=0 (pkg=dev.dworks.apps.anexplorer)
2025-10-01 17:01:59,648 - LINE 14 - FAILED Trinea/android-common - GH_APK=0 / FDroid_APK=0 (pkg=cn.trinea.android.developertools)
2025-10-01 17:01:59,660 - LINE 11 - FAILED AntennaPod/AntennaPod - GH_APK=0 / FDroid_APK=3 (pkg=de.danoeh.antennapod)
2025-10-01 17:02:00,165 - LINE 18 - SUCCESS QuantumBadger/RedReader - GH_APK=5 / FDroid_APK=3 (pkg=org.quantumbadger.redreader)
2025-10-01 17:02:00,263 - LINE 13 - SUCCESS ikarus23/MifareClassicTool - GH_APK=5 / FDroid_APK=3 (pkg=de.syss.MifareClassicToolDonate)
2025-10-01 17:02:00,572 - LINE 16 - FAILED Neamar/KISS - GH_APK=4 / FDroid_APK=3 (pkg=fr.neamar.kiss)
2025-10-01 17:02:00,581 - LINE 17 - SUCCESS federicoiosue/Omni-Notes - GH_APK=5 / FDroid_APK=0 (pkg=it.feio.android.omninotes.alpha)
2025-10-01 17:02:01,024 - LINE 21 - FAILED the3deer/android-3D-model-viewer - GH_APK=1 / FDroid_APK=3 (pkg=org.andresoviedo.dddmodel2)
2025-10-01 17:02:01,267 - LINE 24 - FAILED serso/android-checkout - GH_APK=1 / FDroid_APK=0 (pkg=org.solovyev.android.checkout.app)
2025-10-01 17:02:01,289 - LINE 23 - SUCCESS markusfisch/ShaderEditor - GH_APK=5 / FDroid_APK=3 (pkg=de.markusfisch.android.shadereditor)
2025-10-01 17:02:01,326 - LINE 22 - SUCCESS erickok/transdroid - GH_APK=5 / FDroid_APK=3 (pkg=org.transdroid.lite)
2025-10-01 17:02:01,718 - LINE 25 - FAILED alt236/Bluetooth-LE-Library---Android - GH_APK=0 / FDroid_APK=0 (pkg=uk.co.alt236.btlescan)
2025-10-01 17:02:01,780 - LINE 20 - FAILED redsolution/xabber-android - GH_APK=0 / FDroid_APK=0 (pkg=com.xabber.androidvip)
2025-10-01 17:02:02,289 - LINE 26 - SUCCESS jonasoreland/runnerup - GH_APK=5 / FDroid_APK=0 (pkg=org.runnerup)
2025-10-01 17:02:02,713 - LINE 27 - FAILED wiglenet/wigle-wifi-wardriving - GH_APK=0 / FDroid_APK=3 (pkg=net.wigle.wigleandroid)
2025-10-01 17:02:02,750 - LINE 29 - FAILED abrensch/brouter - GH_APK=0 / FDroid_APK=3 (pkg=btools.routingapp)
2025-10-01 17:02:03,558 - LINE 32 - FAILED ymback/NGA-CLIENT-VER-OPEN-SOURCE - GH_APK=0 / FDroid_APK=3 (pkg=gov.anzong.androidnga)
2025-10-01 17:02:03,627 - LINE 34 - FAILED NordicSemiconductor/nRF-Logger-API - GH_APK=1 / FDroid_APK=0 (pkg=no.nordicsemi.android.log)
2025-10-01 17:02:03,822 - LINE 30 - SUCCESS moneymanagerex/android-money-manager-ex - GH_APK=5 / FDroid_APK=0 (pkg=com.money.manager.ex.android)
2025-10-01 17:02:03,964 - LINE 28 - FAILED klinker41/android-smsmms - GH_APK=0 / FDroid_APK=0 (pkg=xyz.klinker.messenger)
2025-10-01 17:02:04,179 - LINE 33 - SUCCESS wallabag/android-app - GH_APK=5 / FDroid_APK=3 (pkg=fr.gaulupeau.apps.InThePoche)
2025-10-01 17:02:04,516 - LINE 31 - SUCCESS haiwen/seadroid - GH_APK=5 / FDroid_APK=3 (pkg=com.seafile.seadroid2)
2025-10-01 17:02:04,775 - LINE 37 - FAILED Tortel/SysLog - GH_APK=1 / FDroid_APK=3 (pkg=com.tortel.syslog)
2025-10-01 17:02:04,908 - LINE 35 - FAILED irccloud/android - GH_APK=0 / FDroid_APK=0 (pkg=com.irccloud.android)
2025-10-01 17:02:05,168 - LINE 38 - FAILED apps4av/avare - GH_APK=0 / FDroid_APK=3 (pkg=com.ds.avare)
2025-10-01 17:02:05,262 - LINE 39 - FAILED carlosrafaelgn/FPlayAndroid - GH_APK=0 / FDroid_APK=0 (pkg=br.com.carlosrafaelgn.fplay)
2025-10-01 17:02:05,504 - LINE 40 - SUCCESS mathisdt/trackworktime - GH_APK=5 / FDroid_APK=3 (pkg=org.zephyrsoft.trackworktime)
2025-10-01 17:02:05,654 - LINE 41 - FAILED criticalmaps/criticalmaps-android - GH_APK=0 / FDroid_APK=3 (pkg=de.stephanlindauer.criticalmaps)
2025-10-01 17:02:05,841 - LINE 42 - SUCCESS ThibaudM/timelapse-sony - GH_APK=5 / FDroid_APK=3 (pkg=com.thibaudperso.sonycamera)
2025-10-01 17:02:06,101 - LINE 43 - SUCCESS smc/Indic-Keyboard - GH_APK=2 / FDroid_APK=6 (pkg=org.smc.inputmethod.indic)
2025-10-01 17:02:06,622 - LINE 45 - SUCCESS jclehner/rxdroid - GH_APK=5 / FDroid_APK=3 (pkg=at.jclehner.rxdroid)
2025-10-01 17:02:06,798 - LINE 44 - FAILED 452/USBHIDTerminal - GH_APK=0 / FDroid_APK=1 (pkg=com.appspot.usbhidterminal)
2025-10-01 17:02:06,860 - LINE 47 - SUCCESS simlar/simlar-android - GH_APK=0 / FDroid_APK=9 (pkg=org.simlar)
2025-10-01 17:02:07,123 - LINE 48 - FAILED h6ah4i/android-advancedrecyclerview - GH_APK=0 / FDroid_APK=0 (pkg=com.h6ah4i.android.example.advrecyclerview)
2025-10-01 17:02:07,256 - LINE 46 - FAILED bitcraze/crazyflie-android-client - GH_APK=4 / FDroid_APK=3 (pkg=se.bitcraze.crazyfliecontrol2)
2025-10-01 17:02:07,504 - LINE 50 - FAILED mjaun/android-anuto - GH_APK=0 / FDroid_APK=3 (pkg=ch.logixisland.anuto)
2025-10-01 17:02:08,224 - LINE 49 - FAILED NordicSemiconductor/Android-DFU-Library - GH_APK=1 / FDroid_APK=0 (pkg=no.nordicsemi.android.dfu)
2025-10-01 17:02:08,226 - LINE 51 - SUCCESS marcosdiez/shareviahttp - GH_APK=5 / FDroid_APK=3 (pkg=com.MarcosDiez.shareviahttp)
2025-10-01 17:02:08,228 - LINE 36 - FAILED avianey/androidsvgdrawable-plugin - GH_APK=0 / FDroid_APK=0 (pkg=net.androgames.yams)
2025-10-01 17:02:08,446 - LINE 52 - SUCCESS nilsbraden/ttrss-reader-fork - GH_APK=5 / FDroid_APK=3 (pkg=org.ttrssreader)
2025-10-01 17:02:08,464 - LINE 54 - SUCCESS pmarks-net/chromadoze - GH_APK=5 / FDroid_APK=3 (pkg=net.pmarks.chromadoze)
2025-10-01 17:02:08,804 - LINE 55 - FAILED jroal/a2dpvolume - GH_APK=1 / FDroid_APK=3 (pkg=a2dp.Vol)
2025-10-01 17:02:08,963 - LINE 56 - FAILED naman14/Timber - GH_APK=2 / FDroid_APK=0 (pkg=naman14.timber)
2025-10-01 17:02:09,029 - LINE 53 - SUCCESS nextgis/android_gisapp - GH_APK=5 / FDroid_APK=3 (pkg=com.nextgis.mobile)
2025-10-01 17:02:09,912 - LINE 60 - SUCCESS agateau/pixelwheels - GH_APK=5 / FDroid_APK=3 (pkg=com.agateau.tinywheels.android)
2025-10-01 17:02:09,975 - LINE 57 - FAILED pilgr/Paper - GH_APK=0 / FDroid_APK=0 (pkg=name.pilgr.appdialer)
2025-10-01 17:02:10,260 - LINE 61 - SUCCESS MarcusWolschon/osmeditor4android - GH_APK=5 / FDroid_APK=3 (pkg=de.blau.android)
2025-10-01 17:02:10,672 - LINE 58 - FAILED Etar-Group/Etar-Calendar - GH_APK=1 / FDroid_APK=3 (pkg=ws.xsoh.etar)
2025-10-01 17:02:10,784 - LINE 64 - SUCCESS eladnava/redalert-android - GH_APK=5 / FDroid_APK=0 (pkg=com.red.alert)
2025-10-01 17:02:10,954 - LINE 59 - SUCCESS nextcloud/notes-android - GH_APK=5 / FDroid_APK=3 (pkg=it.niedermann.owncloud.notes)
2025-10-01 17:02:11,051 - LINE 65 - SUCCESS Universite-Gustave-Eiffel/NoiseCapture - GH_APK=5 / FDroid_APK=3 (pkg=org.noise_planet.noisecapture)
2025-10-01 17:02:11,054 - LINE 62 - SUCCESS pluscubed/matlog - GH_APK=5 / FDroid_APK=0 (pkg=com.pluscubed.matlog)
2025-10-01 17:02:12,159 - LINE 67 - FAILED Swati4star/Images-to-PDF - GH_APK=0 / FDroid_APK=3 (pkg=swati4star.createpdf)
2025-10-01 17:02:12,863 - LINE 69 - FAILED tananaev/passport-reader - GH_APK=3 / FDroid_APK=3 (pkg=com.tananaev.passportreader)
2025-10-01 17:02:13,014 - LINE 71 - SUCCESS zamojski/TowerCollector - GH_APK=5 / FDroid_APK=3 (pkg=info.zamojski.soft.towercollector)
2025-10-01 17:02:13,017 - LINE 70 - SUCCESS lexica/lexica - GH_APK=5 / FDroid_APK=3 (pkg=com.serwylo.lexica)
2025-10-01 17:02:13,082 - LINE 72 - FAILED ricknout/lens-launcher - GH_APK=0 / FDroid_APK=0 (pkg=nickrout.lenslauncher)
2025-10-01 17:02:13,617 - LINE 68 - FAILED imgly/pesdk-android-demo - GH_APK=0 / FDroid_APK=0 (pkg=com.photoeditorsdk.android.app)
2025-10-01 17:02:14,109 - LINE 74 - FAILED popeen/Booksonic-App - GH_APK=0 / FDroid_APK=0 (pkg=github.popeen.dsub)
2025-10-01 17:02:14,439 - LINE 75 - FAILED kaytat/SimpleProtocolPlayer - GH_APK=0 / FDroid_APK=0 (pkg=com.kaytat.simpleprotocolplayer)
2025-10-01 17:02:14,879 - LINE 63 - FAILED ticofab/android-gpx-parser - GH_APK=0 / FDroid_APK=0 (pkg=de.wrpsoft.wrpelevationchartmaker)
2025-10-01 17:02:15,051 - LINE 77 - SUCCESS airbnb/lottie-android - GH_APK=5 / FDroid_APK=0 (pkg=com.airbnb.lottie)
2025-10-01 17:02:15,097 - LINE 73 - FAILED philburk/android-midisuite - GH_APK=0 / FDroid_APK=0 (pkg=com.mobileer.midisynthexample)
2025-10-01 17:02:15,191 - LINE 78 - SUCCESS proninyaroslav/libretorrent - GH_APK=5 / FDroid_APK=12 (pkg=org.proninyaroslav.libretorrent)
2025-10-01 17:02:15,434 - LINE 76 - FAILED domoticz/domoticz-android - GH_APK=0 / FDroid_APK=0 (pkg=nl.hnogames.domoticz.premium)
2025-10-01 17:02:15,682 - LINE 79 - FAILED freeotp/freeotp-android - GH_APK=0 / FDroid_APK=3 (pkg=org.fedorahosted.freeotp)
2025-10-01 17:02:16,142 - LINE 81 - FAILED Steppschuh/Sensor-Data-Logger - GH_APK=1 / FDroid_APK=0 (pkg=net.steppschuh.sensordatalogger)
2025-10-01 17:02:16,177 - LINE 80 - FAILED maks/MGit - GH_APK=4 / FDroid_APK=3 (pkg=com.manichord.mgit)
2025-10-01 17:02:16,534 - LINE 82 - FAILED apacha/sensor-fusion-demo - GH_APK=0 / FDroid_APK=0 (pkg=org.hitlabnz.sensor_fusion_demo)
2025-10-01 17:02:17,009 - LINE 84 - SUCCESS LawnchairLauncher/lawnchair - GH_APK=5 / FDroid_APK=0 (pkg=app.lawnchair.play)
2025-10-01 17:02:17,064 - LINE 86 - FAILED Cleveroad/AdaptiveTableLayout - GH_APK=0 / FDroid_APK=0 (pkg=com.cleveroad.tablelayout)
2025-10-01 17:02:17,341 - LINE 85 - SUCCESS nikita36078/J2ME-Loader - GH_APK=5 / FDroid_APK=3 (pkg=ru.playsoftware.j2meloader)
2025-10-01 17:02:17,375 - LINE 87 - SUCCESS x-falcon/Virtual-Hosts - GH_APK=5 / FDroid_APK=1 (pkg=com.github.xfalcon.vhosts)
2025-10-01 17:02:18,205 - LINE 88 - SUCCESS rkkr/simple-keyboard - GH_APK=5 / FDroid_APK=3 (pkg=rkr.simplekeyboard.inputmethod)
2025-10-01 17:02:18,321 - LINE 83 - FAILED smart-fun/smartGL - GH_APK=0 / FDroid_APK=0 (pkg=org.lunapark.dev.bullramp)
2025-10-01 17:02:18,774 - LINE 66 - SUCCESS janheinrichmerker/material-intro - GH_APK=5 / FDroid_APK=0 (pkg=sun.bob.leela)
2025-10-01 17:02:18,961 - LINE 92 - SUCCESS AniTrend/anitrend-app - GH_APK=5 / FDroid_APK=0 (pkg=com.mxt.anitrend)
2025-10-01 17:02:19,286 - LINE 90 - SUCCESS Delta-Icons/android - GH_APK=5 / FDroid_APK=0 (pkg=website.leifs.delta)
2025-10-01 17:02:19,416 - LINE 91 - SUCCESS signalwareltd/AndroidDvbDriver - GH_APK=5 / FDroid_APK=0 (pkg=net.petrjanousek.DVBTTelevizor)
2025-10-01 17:02:19,728 - LINE 93 - FAILED olgamiller/SSTVEncoder2 - GH_APK=2 / FDroid_APK=3 (pkg=xdsopl.robot36)
2025-10-01 17:02:19,853 - LINE 95 - SUCCESS BiglySoftware/BiglyBT-Android - GH_APK=5 / FDroid_APK=3 (pkg=com.biglybt.android.client)
2025-10-01 17:02:20,517 - LINE 98 - FAILED EXALAB/Busybox-Installer-No-Root - GH_APK=1 / FDroid_APK=0 (pkg=exa.free.bbin)
2025-10-01 17:02:20,695 - LINE 89 - FAILED Krupen/AutoplayVideos - GH_APK=0 / FDroid_APK=0 (pkg=com.allattentionhere.show)
2025-10-01 17:02:20,760 - LINE 94 - FAILED Krupen/FabulousFilter - GH_APK=0 / FDroid_APK=0 (pkg=com.allattentionhere.show)
2025-10-01 17:02:20,923 - LINE 97 - SUCCESS zeevy/grblcontroller - GH_APK=5 / FDroid_APK=0 (pkg=in.co.gorest.grblcontroller)
2025-10-01 17:02:21,101 - LINE 96 - FAILED sovworks/edslite - GH_APK=0 / FDroid_APK=0 (pkg=com.sovworks.edslite)
2025-10-01 17:02:21,637 - LINE 101 - FAILED VinylMusicPlayer/VinylMusicPlayer - GH_APK=4 / FDroid_APK=3 (pkg=com.poupa.vinylmusicplayer)
2025-10-01 17:02:21,823 - LINE 100 - SUCCESS pp3345/ykDroid - GH_APK=5 / FDroid_APK=3 (pkg=net.pp3345.ykdroid)
2025-10-01 17:02:22,228 - LINE 99 - FAILED pranavpandey/dynamic-utils - GH_APK=0 / FDroid_APK=0 (pkg=com.pranavpandey.matrix)
2025-10-01 17:02:22,407 - LINE 105 - FAILED m-i-n-a-r/randomix - GH_APK=2 / FDroid_APK=3 (pkg=com.minar.randomix)
2025-10-01 17:02:22,434 - LINE 106 - FAILED mrvivacious/PorNo-_Porn_Blocker - GH_APK=0 / FDroid_APK=0 (pkg=us.mrvivacio.porno)
2025-10-01 17:02:22,601 - LINE 103 - SUCCESS brarcher/video-transcoder - GH_APK=5 / FDroid_APK=0 (pkg=protect.videoeditor)
2025-10-01 17:02:22,695 - LINE 107 - FAILED dozingcat/VectorCamera - GH_APK=0 / FDroid_APK=3 (pkg=com.dozingcatsoftware.vectorcamera)
2025-10-01 17:02:23,203 - LINE 102 - SUCCESS AlphaWallet/alpha-wallet-android - GH_APK=5 / FDroid_APK=0 (pkg=io.stormbird.wallet)
2025-10-01 17:02:23,230 - LINE 108 - SUCCESS zhanghai/TextSelectionWebSearch - GH_APK=5 / FDroid_APK=3 (pkg=me.zhanghai.android.textselectionwebsearch)
2025-10-01 17:02:23,472 - LINE 15 - FAILED makovkastar/FloatingActionButton - GH_APK=0 / FDroid_APK=0 (pkg=ru.vpsoft.callnotesticker)
2025-10-01 17:02:23,759 - LINE 110 - FAILED skjolber/desfire-tools-for-android - GH_APK=0 / FDroid_APK=0 (pkg=com.skjolberg.mifare.desfiretool)
2025-10-01 17:02:23,943 - LINE 109 - SUCCESS devgianlu/DNSHero - GH_APK=5 / FDroid_APK=3 (pkg=com.gianlu.dnshero)
2025-10-01 17:02:24,209 - LINE 114 - FAILED stefan-niedermann/nextcloud-deck - GH_APK=0 / FDroid_APK=0 (pkg=it.niedermann.nextcloud.deck.play)
2025-10-01 17:02:24,643 - LINE 113 - FAILED EXALAB/AnLinux-App - GH_APK=1 / FDroid_APK=3 (pkg=exa.lnx.a)
2025-10-01 17:02:24,894 - LINE 116 - SUCCESS devgianlu/Aria2Android - GH_APK=5 / FDroid_APK=3 (pkg=com.gianlu.aria2android)
2025-10-01 17:02:24,915 - LINE 111 - SUCCESS Docile-Alligator/Infinity-For-Reddit - GH_APK=5 / FDroid_APK=0 (pkg=ml.docilealligator.infinityforreddit.plus)
2025-10-01 17:02:25,008 - LINE 117 - FAILED kai-morich/SimpleBluetoothLeTerminal - GH_APK=0 / FDroid_APK=0 (pkg=de.kai_morich.serial_bluetooth_terminal)
2025-10-01 17:02:25,053 - LINE 115 - FAILED kai-morich/SimpleBluetoothTerminal - GH_APK=0 / FDroid_APK=0 (pkg=de.kai_morich.serial_bluetooth_terminal)
2025-10-01 17:02:25,374 - LINE 118 - FAILED ginkage/wearmouse - GH_APK=2 / FDroid_APK=0 (pkg=com.ginkage.wearmouse)
2025-10-01 17:02:25,988 - LINE 119 - FAILED martinloren/HScope - GH_APK=0 / FDroid_APK=0 (pkg=com.martinloren.hscope)
2025-10-01 17:02:26,382 - LINE 104 - SUCCESS pranavpandey/dynamic-support - GH_APK=5 / FDroid_APK=0 (pkg=com.pristineusa.android.speechtotext)
2025-10-01 17:02:26,689 - LINE 125 - FAILED opendroneid/receiver-android - GH_APK=0 / FDroid_APK=0 (pkg=org.opendroneid.android_osm)
2025-10-01 17:02:26,774 - LINE 121 - SUCCESS CatimaLoyalty/Android - GH_APK=5 / FDroid_APK=3 (pkg=me.hackerchick.catima)
2025-10-01 17:02:26,951 - LINE 124 - SUCCESS markusfisch/PieLauncher - GH_APK=5 / FDroid_APK=3 (pkg=de.markusfisch.android.pielauncher)
2025-10-01 17:02:27,244 - LINE 112 - SUCCESS M66B/FairEmail - GH_APK=5 / FDroid_APK=3 (pkg=eu.faircode.email)
2025-10-01 17:02:27,476 - LINE 123 - FAILED SmartPack/PackageManager - GH_APK=0 / FDroid_APK=3 (pkg=com.smartpack.packagemanager.pro)
2025-10-01 17:02:27,561 - LINE 120 - SUCCESS mkulesh/onpc - GH_APK=5 / FDroid_APK=3 (pkg=com.mkulesh.onpc.plus)
2025-10-01 17:02:27,579 - LINE 126 - SUCCESS green-green-avk/AnotherTerm - GH_APK=5 / FDroid_APK=0 (pkg=green_green_avk.anotherterm)
2025-10-01 17:02:28,002 - LINE 128 - SUCCESS patzly/tack-android - GH_APK=5 / FDroid_APK=0 (pkg=xyz.zedler.patrick.tack)
2025-10-01 17:02:28,591 - LINE 130 - FAILED NordicSemiconductor/Android-nRF-Connect-Device-Manager - GH_APK=1 / FDroid_APK=0 (pkg=no.nordicsemi.android.nrfconnectdevicemanager)
2025-10-01 17:02:28,908 - LINE 131 - SUCCESS bk138/droidVNC-NG - GH_APK=5 / FDroid_APK=3 (pkg=net.christianbeier.droidvnc_ng)
2025-10-01 17:02:29,240 - LINE 127 - SUCCESS warren-bank/Android-ExoPlayer-AirPlay-Receiver - GH_APK=5 / FDroid_APK=0 (pkg=com.wethole.mpcrc)
2025-10-01 17:02:29,497 - LINE 134 - SUCCESS airmessage/airmessage-android - GH_APK=5 / FDroid_APK=3 (pkg=me.tagavari.airmessage)
2025-10-01 17:02:29,598 - LINE 132 - SUCCESS Arcticons-Team/Arcticons - GH_APK=5 / FDroid_APK=3 (pkg=com.donnnno.arcticons)
2025-10-01 17:02:29,612 - LINE 136 - FAILED siyuan-note/siyuan-android - GH_APK=0 / FDroid_APK=3 (pkg=org.b3log.siyuan)
2025-10-01 17:02:30,040 - LINE 133 - SUCCESS patzly/doodle-android - GH_APK=5 / FDroid_APK=3 (pkg=xyz.zedler.patrick.doodle)
2025-10-01 17:02:30,297 - LINE 137 - SUCCESS doubleangels/nextdnsmanager - GH_APK=5 / FDroid_APK=3 (pkg=com.doubleangels.nextdnsmanagement)
2025-10-01 17:02:30,454 - LINE 129 - FAILED Faltenreich/Diaguard - GH_APK=0 / FDroid_APK=3 (pkg=com.google.android.marvin.talkback)
2025-10-01 17:02:30,540 - LINE 138 - FAILED rostopira/wifi_qs - GH_APK=3 / FDroid_APK=3 (pkg=be.casperverswijvelt.unifiedinternetqs)
2025-10-01 17:02:30,871 - LINE 135 - SUCCESS ykasidit/bluetooth_gnss - GH_APK=5 / FDroid_APK=0 (pkg=net.dinglisch.android.taskerm)
2025-10-01 17:02:30,914 - LINE 139 - SUCCESS ap-atul/music_player_lite - GH_APK=5 / FDroid_APK=3 (pkg=com.atul.musicplayer)
2025-10-01 17:02:31,267 - LINE 141 - SUCCESS schorschii/FsClock-Android - GH_APK=5 / FDroid_APK=3 (pkg=systems.sieber.fsclock)
2025-10-01 17:02:31,411 - LINE 140 - SUCCESS tyron12233/CodeAssist - GH_APK=5 / FDroid_APK=0 (pkg=com.tyron.code)
2025-10-01 17:02:31,514 - LINE 122 - FAILED Teamz-Lab-LTD/Android-XML-to-PDF-Generator - GH_APK=0 / FDroid_APK=0 (pkg=com.tad.bdkepler)
2025-10-01 17:02:31,738 - LINE 143 - SUCCESS v2er-app/Android - GH_APK=5 / FDroid_APK=0 (pkg=me.ghui.v2er)
2025-10-01 17:02:31,967 - LINE 144 - FAILED olvid-io/olvid-android - GH_APK=0 / FDroid_APK=0 (pkg=io.olvid.messenger)
2025-10-01 17:02:32,193 - LINE 145 - SUCCESS VincentEngel/VES-Image-Compare - GH_APK=5 / FDroid_APK=3 (pkg=com.vincentengelsoftware.vesandroidimagecompare)
2025-10-01 17:02:32,524 - LINE 142 - SUCCESS mastodon/mastodon-android - GH_APK=5 / FDroid_APK=3 (pkg=org.joinmastodon.android)
2025-10-01 17:02:33,012 - LINE 146 - SUCCESS sspanak/tt9 - GH_APK=5 / FDroid_APK=3 (pkg=io.github.sspanak.tt9)
2025-10-01 17:02:34,014 - LINE 152 - SUCCESS mikepenz/Android-Iconics - GH_APK=5 / FDroid_APK=0 (pkg=com.mikepenz.iconics.sample)
2025-10-01 17:02:34,202 - LINE 154 - FAILED muzei/muzei - GH_APK=1 / FDroid_APK=3 (pkg=net.nurik.roman.muzei)
2025-10-01 17:02:34,621 - LINE 155 - SUCCESS moezbhatti/qksms - GH_APK=5 / FDroid_APK=0 (pkg=com.moez.QKSMS)
2025-10-01 17:02:34,808 - LINE 147 - SUCCESS thunderbird/thunderbird-android - GH_APK=5 / FDroid_APK=3 (pkg=net.thunderbird.android.beta)
2025-10-01 17:02:35,048 - LINE 151 - SUCCESS TeamAmaze/AmazeFileManager - GH_APK=5 / FDroid_APK=12 (pkg=com.filemanager.amazecloud)
2025-10-01 17:02:35,381 - LINE 156 - SUCCESS streetcomplete/StreetComplete - GH_APK=5 / FDroid_APK=3 (pkg=de.westnordost.streetcomplete)
2025-10-01 17:02:35,590 - LINE 153 - SUCCESS nextcloud/android - GH_APK=5 / FDroid_APK=3 (pkg=org.jtb.alogcat)
2025-10-01 17:02:35,678 - LINE 149 - FAILED wasabeef/recyclerview-animators - GH_APK=0 / FDroid_APK=0 (pkg=tv.abema)
2025-10-01 17:02:36,734 - LINE 159 - SUCCESS spacecowboy/Feeder - GH_APK=5 / FDroid_APK=2 (pkg=com.nononsenseapps.feeder.play)
2025-10-01 17:02:36,742 - LINE 157 - SUCCESS owncloud/android - GH_APK=5 / FDroid_APK=3 (pkg=com.owncloud.android)
2025-10-01 17:02:36,942 - LINE 160 - SUCCESS owntracks/android - GH_APK=5 / FDroid_APK=3 (pkg=org.owntracks.android)
2025-10-01 17:02:37,260 - LINE 161 - SUCCESS allgood/OpenNoteScanner - GH_APK=5 / FDroid_APK=3 (pkg=com.todobom.opennotescanner)
2025-10-01 17:02:37,441 - LINE 163 - FAILED adrcotfas/goodtime - GH_APK=1 / FDroid_APK=3 (pkg=com.apps.adrcotfas.goodtime)
2025-10-01 17:02:38,137 - LINE 164 - SUCCESS SimonSchubert/LinuxCommandLibrary - GH_APK=5 / FDroid_APK=3 (pkg=com.inspiredandroid.linuxcommandbibliotheca)
2025-10-01 17:02:38,303 - LINE 162 - SUCCESS Waboodoo/HTTP-Shortcuts - GH_APK=5 / FDroid_APK=3 (pkg=ch.rmy.android.http_shortcuts)
2025-10-01 17:02:38,312 - LINE 166 - FAILED KDE/kdeconnect-android - GH_APK=0 / FDroid_APK=3 (pkg=org.kde.kdeconnect_tp)
2025-10-01 17:02:38,374 - LINE 165 - SUCCESS BelledonneCommunications/linphone-android - GH_APK=0 / FDroid_APK=6 (pkg=org.linphone)
2025-10-01 17:02:38,565 - LINE 167 - SUCCESS NordicSemiconductor/Android-nRF-Toolbox - GH_APK=5 / FDroid_APK=0 (pkg=no.nordicsemi.android.log)
2025-10-01 17:02:38,956 - LINE 168 - SUCCESS grote/Transportr - GH_APK=5 / FDroid_APK=3 (pkg=de.grobox.liberario)
2025-10-01 17:02:39,703 - LINE 169 - FAILED commons-app/apps-android-commons - GH_APK=2 / FDroid_APK=3 (pkg=fr.free.nrw.commons)
2025-10-01 17:02:39,994 - LINE 170 - SUCCESS mtotschnig/MyExpenses - GH_APK=5 / FDroid_APK=3 (pkg=org.totschnig.myexpenses)
2025-10-01 17:02:40,315 - LINE 171 - SUCCESS cryptomator/android - GH_APK=5 / FDroid_APK=0 (pkg=org.cryptomator)
2025-10-01 17:02:40,797 - LINE 172 - FAILED demantz/RFAnalyzer - GH_APK=0 / FDroid_APK=3 (pkg=com.mantz_it.rfanalyzer)
2025-10-01 17:02:41,022 - LINE 158 - SUCCESS gotev/android-upload-service - GH_APK=5 / FDroid_APK=0 (pkg=net.igenius.crystal)
2025-10-01 17:02:41,383 - LINE 176 - SUCCESS helloworld1/FreeOTPPlus - GH_APK=5 / FDroid_APK=3 (pkg=org.liberty.android.freeotpplus)
2025-10-01 17:02:41,782 - LINE 174 - FAILED AdevintaSpain/Leku - GH_APK=0 / FDroid_APK=0 (pkg=nl.hnogames.domoticz)
2025-10-01 17:02:41,949 - LINE 175 - SUCCESS getodk/collect - GH_APK=5 / FDroid_APK=0 (pkg=org.odk.collect.android)
2025-10-01 17:02:42,092 - LINE 178 - SUCCESS b-lam/Resplash - GH_APK=5 / FDroid_APK=0 (pkg=com.b_lam.resplash)
2025-10-01 17:02:42,111 - LINE 177 - SUCCESS RikkaApps/WADB - GH_APK=5 / FDroid_APK=0 (pkg=moe.haruue.wadb)
2025-10-01 17:02:42,550 - LINE 173 - SUCCESS openfoodfacts/openfoodfacts-androidapp - GH_APK=5 / FDroid_APK=3 (pkg=org.openproductsfacts.scanner)
2025-10-01 17:02:42,591 - LINE 180 - FAILED yuriykulikov/AlarmClock - GH_APK=0 / FDroid_APK=3 (pkg=com.better.alarm)
2025-10-01 17:02:42,925 - LINE 181 - FAILED ubergeek42/weechat-android - GH_APK=2 / FDroid_APK=0 (pkg=com.ubergeek42.WeechatAndroid.dev)
2025-10-01 17:02:43,596 - LINE 179 - SUCCESS openhab/openhab-android - GH_APK=5 / FDroid_APK=3 (pkg=org.openhab.habdroid)
2025-10-01 17:02:43,601 - LINE 183 - SUCCESS Catrobat/Paintroid - GH_APK=5 / FDroid_APK=3 (pkg=org.catrobat.paintroid)
2025-10-01 17:02:44,098 - LINE 185 - SUCCESS max-kammerer/orion-viewer - GH_APK=5 / FDroid_APK=12 (pkg=universe.constellation.orion.viewer)
2025-10-01 17:02:44,117 - LINE 184 - SUCCESS andstatus/andstatus - GH_APK=5 / FDroid_APK=3 (pkg=org.andstatus.app)
2025-10-01 17:02:44,213 - LINE 187 - SUCCESS btimofeev/UniPatcher - GH_APK=5 / FDroid_APK=3 (pkg=org.emunix.unipatcher)
2025-10-01 17:02:44,489 - LINE 182 - SUCCESS premnirmal/StockTicker - GH_APK=5 / FDroid_APK=3 (pkg=com.github.premnirmal.tickerwidget)
2025-10-01 17:02:44,534 - LINE 188 - SUCCESS tananaev/rootless-logcat - GH_APK=5 / FDroid_APK=3 (pkg=com.tananaev.logcat)
2025-10-01 17:02:45,482 - LINE 189 - SUCCESS pilot51/voicenotify - GH_APK=5 / FDroid_APK=3 (pkg=com.pilot51.voicenotify)
2025-10-01 17:02:45,935 - LINE 186 - SUCCESS michaelkourlas/voipms-sms-client - GH_APK=5 / FDroid_APK=3 (pkg=net.kourlas.voipms_sms)
2025-10-01 17:02:45,942 - LINE 193 - FAILED savoirfairelinux/jami-client-android - GH_APK=0 / FDroid_APK=3 (pkg=cx.ring)
2025-10-01 17:02:46,619 - LINE 191 - SUCCESS Adventech/sabbath-school-android - GH_APK=5 / FDroid_APK=0 (pkg=com.cryart.sabbathschool)
2025-10-01 17:02:46,668 - LINE 194 - FAILED cbeyls/fosdem-companion-android - GH_APK=0 / FDroid_APK=3 (pkg=be.digitalia.fosdem)
2025-10-01 17:02:47,131 - LINE 190 - SUCCESS StepicOrg/stepik-android - GH_APK=5 / FDroid_APK=0 (pkg=org.stepic.droid)
2025-10-01 17:02:47,249 - LINE 196 - SUCCESS bobrofon/easysshfs - GH_APK=5 / FDroid_APK=3 (pkg=ru.nsu.bobrofon.easysshfs)
2025-10-01 17:02:47,477 - LINE 195 - SUCCESS takke/cpustats - GH_APK=5 / FDroid_APK=3 (pkg=jp.takke.cpustats)
2025-10-01 17:02:47,798 - LINE 197 - SUCCESS wuan/bo-android - GH_APK=5 / FDroid_APK=3 (pkg=org.blitzortung.android.app)
2025-10-01 17:02:47,909 - LINE 198 - SUCCESS hwki/SimpleBitcoinWidget - GH_APK=5 / FDroid_APK=3 (pkg=com.brentpanther.bitcoinwidget)
2025-10-01 17:02:48,414 - LINE 200 - SUCCESS gatheringhallstudios/MHGenDatabase - GH_APK=5 / FDroid_APK=3 (pkg=com.ghstudios.android.mhgendatabase)
2025-10-01 17:02:48,659 - LINE 199 - FAILED ruvolof/anmap-wrapper - GH_APK=2 / FDroid_APK=0 (pkg=com.werebug.anmapwrapper)
2025-10-01 17:02:49,608 - LINE 203 - SUCCESS orgzly/orgzly-android - GH_APK=5 / FDroid_APK=0 (pkg=com.orgzly)
2025-10-01 17:02:49,867 - LINE 201 - SUCCESS yairm210/Unciv - GH_APK=5 / FDroid_APK=3 (pkg=com.unciv.app)
2025-10-01 17:02:49,905 - LINE 204 - SUCCESS markusfisch/BinaryEye - GH_APK=5 / FDroid_APK=3 (pkg=de.markusfisch.android.binaryeye)
2025-10-01 17:02:49,925 - LINE 205 - SUCCESS massivemadness/Squircle-CE - GH_APK=5 / FDroid_APK=3 (pkg=com.blacksquircle.ui)
2025-10-01 17:02:50,292 - LINE 202 - SUCCESS Kunzisoft/KeePassDX - GH_APK=5 / FDroid_APK=0 (pkg=com.kunzisoft.keepass.pro)
2025-10-01 17:02:50,507 - LINE 206 - SUCCESS kawaiiDango/pano-scrobbler - GH_APK=5 / FDroid_APK=0 (pkg=com.arn.scrobble)
2025-10-01 17:02:50,739 - LINE 207 - SUCCESS kamgurgul/cpu-info - GH_APK=5 / FDroid_APK=3 (pkg=com.kgurgul.cpuinfo)
2025-10-01 17:02:51,510 - LINE 210 - SUCCESS hanjoongcho/aaf-easydiary - GH_APK=5 / FDroid_APK=3 (pkg=me.blog.korn123.easydiary)
2025-10-01 17:02:51,782 - LINE 208 - SUCCESS darshanparajuli/LogcatReader - GH_APK=5 / FDroid_APK=3 (pkg=com.dp.logcatapp)
2025-10-01 17:02:51,844 - LINE 209 - SUCCESS nextcloud/talk-android - GH_APK=5 / FDroid_APK=3 (pkg=com.nextcloud.talk2)
2025-10-01 17:02:52,125 - LINE 211 - FAILED etesync/android - GH_APK=1 / FDroid_APK=3 (pkg=com.etesync.syncadapter)
2025-10-01 17:02:52,515 - LINE 212 - FAILED MartinStyk/AndroidApkAnalyzer - GH_APK=0 / FDroid_APK=0 (pkg=sk.styk.martin.apkanalyzer)
2025-10-01 17:02:52,651 - LINE 213 - SUCCESS acristescu/OnlineGo - GH_APK=5 / FDroid_APK=0 (pkg=io.zenandroid.onlinego)
2025-10-01 17:02:53,183 - LINE 215 - SUCCESS wbrawner/SimpleMarkdown - GH_APK=5 / FDroid_APK=0 (pkg=com.wbrawner.simplemarkdown)
2025-10-01 17:02:53,195 - LINE 214 - SUCCESS Crazy-Marvin/MetadataRemover - GH_APK=5 / FDroid_APK=1 (pkg=rocks.poopjournal.metadataremover)
2025-10-01 17:02:53,562 - LINE 217 - SUCCESS markusfisch/Libra - GH_APK=5 / FDroid_APK=3 (pkg=de.markusfisch.android.libra)
2025-10-01 17:02:53,577 - LINE 216 - FAILED SiliconLabs/SimplicityConnect-android - GH_APK=0 / FDroid_APK=0 (pkg=com.siliconlabs.bledemo)
2025-10-01 17:02:54,173 - LINE 218 - SUCCESS d4rken-org/bluemusic - GH_APK=5 / FDroid_APK=0 (pkg=eu.darken.bluemusic)
2025-10-01 17:02:54,209 - LINE 148 - SUCCESS mikepenz/MaterialDrawer - GH_APK=5 / FDroid_APK=0 (pkg=work.twob.threed)
2025-10-01 17:02:54,281 - LINE 219 - SUCCESS IlyaPomaskin/h3lwp - GH_APK=5 / FDroid_APK=0 (pkg=com.homm3.livewallpaper)
2025-10-01 17:02:54,519 - LINE 192 - FAILED hummatli/AndroidAppUpdater - GH_APK=1 / FDroid_APK=0 (pkg=spiel.quiz.intellektuell.iq.millionaire.german.millionar.deutsche)
2025-10-01 17:02:54,743 - LINE 220 - SUCCESS nfdz/Cryptool - GH_APK=5 / FDroid_APK=0 (pkg=io.github.nfdz.cryptool)
2025-10-01 17:02:55,051 - LINE 222 - SUCCESS zhanghai/MaterialFiles - GH_APK=5 / FDroid_APK=3 (pkg=me.zhanghai.android.files)
2025-10-01 17:02:55,361 - LINE 221 - SUCCESS Anrimian/music-player - GH_APK=5 / FDroid_APK=0 (pkg=com.github.anrimian.musicplayer)
2025-10-01 17:02:55,553 - LINE 223 - SUCCESS RetroMusicPlayer/RetroMusicPlayer - GH_APK=5 / FDroid_APK=3 (pkg=code.name.monkey.retromusic)
2025-10-01 17:02:55,568 - LINE 224 - SUCCESS CypherpunkArmory/UserLAnd - GH_APK=5 / FDroid_APK=3 (pkg=tech.ula)
2025-10-01 17:02:56,347 - LINE 226 - SUCCESS etchdroid/etchdroid - GH_APK=5 / FDroid_APK=3 (pkg=eu.depau.etchdroid)
2025-10-01 17:02:56,661 - LINE 228 - SUCCESS gotify/android - GH_APK=5 / FDroid_APK=3 (pkg=com.github.gotify)
2025-10-01 17:02:56,674 - LINE 229 - SUCCESS rafaelvcaetano/melonDS-android - GH_APK=5 / FDroid_APK=0 (pkg=me.magnum.melonds)
2025-10-01 17:02:56,810 - LINE 225 - SUCCESS element-hq/element-android - GH_APK=5 / FDroid_APK=12 (pkg=im.vector.app)
2025-10-01 17:02:56,988 - LINE 227 - SUCCESS lihenggui/blocker - GH_APK=5 / FDroid_APK=3 (pkg=com.merxury.blocker)
2025-10-01 17:02:57,140 - LINE 232 - FAILED bernaferrari/ChangeDetection - GH_APK=0 / FDroid_APK=2 (pkg=com.bernaferrari.changedetection)
2025-10-01 17:02:57,470 - LINE 231 - SUCCESS Exodus-Privacy/exodus-android-app - GH_APK=5 / FDroid_APK=3 (pkg=org.eu.exodus_privacy.exodusprivacy)
2025-10-01 17:02:57,487 - LINE 230 - SUCCESS horizontalsystems/unstoppable-wallet-android - GH_APK=5 / FDroid_APK=3 (pkg=io.horizontalsystems.bankwallet)
2025-10-01 17:02:58,006 - LINE 234 - SUCCESS shadowsocks/v2ray-plugin-android - GH_APK=5 / FDroid_APK=3 (pkg=com.github.shadowsocks.plugin.v2ray)
2025-10-01 17:02:58,322 - LINE 236 - FAILED sduduzog/slim-launcher - GH_APK=0 / FDroid_APK=0 (pkg=com.sduduzog.slimlauncher)
2025-10-01 17:02:58,506 - LINE 237 - FAILED timusus/Shuttle2 - GH_APK=0 / FDroid_APK=0 (pkg=com.simplecityapps.shuttle)
2025-10-01 17:02:58,940 - LINE 235 - SUCCESS oppia/oppia-android - GH_APK=5 / FDroid_APK=0 (pkg=org.oppia.android)
2025-10-01 17:02:59,086 - LINE 238 - SUCCESS ActivityWatch/aw-android - GH_APK=5 / FDroid_APK=1 (pkg=net.activitywatch.android)
2025-10-01 17:02:59,130 - LINE 240 - SUCCESS michelesalvador/FamilyGem - GH_APK=5 / FDroid_APK=0 (pkg=app.familygem)
2025-10-01 17:02:59,155 - LINE 241 - SUCCESS DeweyReed/ClipboardCleaner - GH_APK=5 / FDroid_APK=3 (pkg=io.github.deweyreed.clipboardcleaner)
2025-10-01 17:03:00,024 - LINE 243 - FAILED luk1337/SauceNAO - GH_APK=1 / FDroid_APK=3 (pkg=com.luk.saucenao)
2025-10-01 17:03:00,055 - LINE 239 - FAILED pavelpoley/AdvancedRecycleView - GH_APK=0 / FDroid_APK=0 (pkg=ppapps.petsapp)
2025-10-01 17:03:00,106 - LINE 242 - SUCCESS Parseus/codecinfo - GH_APK=5 / FDroid_APK=0 (pkg=com.parseus.codecinfo)
2025-10-01 17:03:00,808 - LINE 246 - SUCCESS michaldrabik/showly - GH_APK=5 / FDroid_APK=0 (pkg=com.michaldrabik.showly2)
2025-10-01 17:03:00,915 - LINE 244 - SUCCESS ichenhe/wear-gallery - GH_APK=5 / FDroid_APK=0 (pkg=cc.chenhe.weargallery)
2025-10-01 17:03:01,118 - LINE 248 - SUCCESS meshenger-app/meshenger-android - GH_APK=5 / FDroid_APK=0 (pkg=app.meshenger)
2025-10-01 17:03:01,178 - LINE 247 - SUCCESS trynoice/android-app - GH_APK=5 / FDroid_APK=3 (pkg=com.github.ashutoshgngwr.noice)
2025-10-01 17:03:01,639 - LINE 250 - SUCCESS mickstar/Zoo-For-Zotero - GH_APK=5 / FDroid_APK=0 (pkg=com.mickstarify.zooforzotero)
2025-10-01 17:03:01,857 - LINE 245 - SUCCESS home-assistant/android - GH_APK=5 / FDroid_APK=0 (pkg=io.homeassistant.companion.android)
2025-10-01 17:03:02,324 - LINE 249 - SUCCESS ACINQ/phoenix - GH_APK=5 / FDroid_APK=0 (pkg=fr.acinq.phoenix.mainnet)
2025-10-01 17:03:02,461 - LINE 251 - SUCCESS SamAmco/track-and-graph - GH_APK=5 / FDroid_APK=3 (pkg=com.samco.trackandgraph)
2025-10-01 17:03:02,516 - LINE 150 - FAILED AppIntro/AppIntro - GH_APK=3 / FDroid_APK=3 (pkg=tech.salroid.filmy)
2025-10-01 17:03:02,584 - LINE 253 - SUCCESS kittoku/Open-SSTP-Client - GH_APK=5 / FDroid_APK=0 (pkg=kittoku.osc)
2025-10-01 17:03:02,818 - LINE 254 - SUCCESS evilcorpltd/aTox - GH_APK=5 / FDroid_APK=3 (pkg=ltd.evilcorp.atox)
2025-10-01 17:03:02,832 - LINE 255 - FAILED mroczis/netmonster-core - GH_APK=0 / FDroid_APK=0 (pkg=cz.mroczis.netmonster)
2025-10-01 17:03:02,967 - LINE 252 - SUCCESS Kr0oked/Compass - GH_APK=5 / FDroid_APK=3 (pkg=com.bobek.compass)
2025-10-01 17:03:03,322 - LINE 256 - SUCCESS SapuSeven/BetterUntis - GH_APK=5 / FDroid_APK=3 (pkg=com.sapuseven.untis)
2025-10-01 17:03:03,533 - LINE 257 - FAILED ZorinOS/zorin-connect-android - GH_APK=0 / FDroid_APK=3 (pkg=com.zorinos.zorin_connect)
2025-10-01 17:03:04,198 - LINE 261 - SUCCESS SimpleAppProjects/SimpleWear - GH_APK=5 / FDroid_APK=0 (pkg=com.thewizrd.simplewear)
2025-10-01 17:03:04,213 - LINE 259 - FAILED SimonSchubert/Braincup - GH_APK=2 / FDroid_APK=0 (pkg=com.inspiredandroid.braincup)
2025-10-01 17:03:04,241 - LINE 260 - SUCCESS CrazyDude1994/android-taranis-smartport-telemetry - GH_APK=5 / FDroid_APK=0 (pkg=crazydude.com.telemetry)
2025-10-01 17:03:04,359 - LINE 258 - SUCCESS yellowbluesky/PixivforMuzei3 - GH_APK=5 / FDroid_APK=3 (pkg=com.antony.muzei.pixiv)
2025-10-01 17:03:04,735 - LINE 264 - SUCCESS z-huang/InnerTune - GH_APK=5 / FDroid_APK=0 (pkg=com.arn.scrobble)
2025-10-01 17:03:04,888 - LINE 262 - FAILED arindamxd/android-camerax - GH_APK=0 / FDroid_APK=0 (pkg=com.arindam.camerax)
2025-10-01 17:03:05,002 - LINE 265 - SUCCESS Swordfish90/Lemuroid - GH_APK=5 / FDroid_APK=3 (pkg=com.swordfish.lemuroid)
2025-10-01 17:03:05,522 - LINE 266 - SUCCESS kylecorry31/Trail-Sense - GH_APK=5 / FDroid_APK=3 (pkg=com.kylecorry.trail_sense)
2025-10-01 17:03:05,892 - LINE 268 - FAILED rt-bishop/Look4Sat - GH_APK=3 / FDroid_APK=3 (pkg=com.rtbishop.look4sat)
2025-10-01 17:03:05,893 - LINE 267 - SUCCESS zacharee/Tweaker - GH_APK=5 / FDroid_APK=0 (pkg=com.zacharee1.systemuituner)
2025-10-01 17:03:06,000 - LINE 270 - SUCCESS simple-login/Simple-Login-Android - GH_APK=5 / FDroid_APK=0 (pkg=io.simplelogin.android)
2025-10-01 17:03:06,402 - LINE 271 - SUCCESS zend10/AL-chan - GH_APK=5 / FDroid_APK=0 (pkg=com.zen.alchan)
2025-10-01 17:03:06,632 - LINE 272 - SUCCESS pantasystem/Milktea - GH_APK=5 / FDroid_APK=0 (pkg=jp.panta.misskeyandroidclient)
2025-10-01 17:03:07,091 - LINE 273 - SUCCESS adriangl/pict2cam - GH_APK=5 / FDroid_APK=0 (pkg=com.adriangl.pict2cam)
2025-10-01 17:03:07,097 - LINE 274 - SUCCESS cliuff/boundo - GH_APK=5 / FDroid_APK=0 (pkg=com.madness.collision)
2025-10-01 17:03:07,170 - LINE 269 - SUCCESS lucasnlm/antimine-android - GH_APK=5 / FDroid_APK=0 (pkg=com.logical.minato)
2025-10-01 17:03:07,170 - LINE 263 - SUCCESS android/compose-samples - GH_APK=5 / FDroid_APK=0 (pkg=com.google.samples.apps.nowinandroid)
2025-10-01 17:03:07,626 - LINE 275 - SUCCESS JLindemann42/Atomic-Periodic-Table.Android - GH_APK=5 / FDroid_APK=0 (pkg=com.jlindemann.science)
2025-10-01 17:03:07,641 - LINE 277 - FAILED edgar-zigis/Paleontologas - GH_APK=0 / FDroid_APK=0 (pkg=com.zigis.paleontologas)
2025-10-01 17:03:07,892 - LINE 276 - FAILED mucahidkambur/tdk-sozluk - GH_APK=0 / FDroid_APK=0 (pkg=com.mucahitkambur.tdksozluk)
2025-10-01 17:03:08,295 - LINE 279 - FAILED Goodwy/PlayBook - GH_APK=2 / FDroid_APK=0 (pkg=com.goodwy.audiobooklite)
2025-10-01 17:03:08,513 - LINE 278 - SUCCESS More-Than-Solitaire/Tabs-Lite - GH_APK=5 / FDroid_APK=0 (pkg=com.gbros.tabslite)
2025-10-01 17:03:09,103 - LINE 281 - SUCCESS tanujnotes/Olauncher - GH_APK=5 / FDroid_APK=3 (pkg=app.olauncher)
2025-10-01 17:03:09,457 - LINE 283 - SUCCESS jellyfin/jellyfin-android - GH_APK=5 / FDroid_APK=3 (pkg=org.jellyfin.mobile)
2025-10-01 17:03:09,463 - LINE 285 - SUCCESS leonlatsch/Photok - GH_APK=5 / FDroid_APK=3 (pkg=dev.leonlatsch.photok)
2025-10-01 17:03:09,516 - LINE 286 - SUCCESS traccar/traccar-sms-gateway - GH_APK=5 / FDroid_APK=0 (pkg=org.traccar.gateway)
2025-10-01 17:03:09,564 - LINE 282 - SUCCESS Nain57/Smart-AutoClicker - GH_APK=5 / FDroid_APK=3 (pkg=com.buzbuz.smartautoclicker)
2025-10-01 17:03:09,722 - LINE 280 - FAILED Domilopment/apk-extractor - GH_APK=4 / FDroid_APK=0 (pkg=domilopment.apkextractor)
2025-10-01 17:03:10,036 - LINE 284 - SUCCESS flipperdevices/Flipper-Android-App - GH_APK=5 / FDroid_APK=3 (pkg=com.flipperdevices.app)
2025-10-01 17:03:10,417 - LINE 287 - SUCCESS axiel7/MoeList - GH_APK=5 / FDroid_APK=0 (pkg=com.axiel7.moelist)
2025-10-01 17:03:10,960 - LINE 288 - SUCCESS LivingWithHippos/unchained-android - GH_APK=5 / FDroid_APK=3 (pkg=com.github.livingwithhippos.unchained)
2025-10-01 17:03:11,254 - LINE 292 - SUCCESS wa2c/cifs-documents-provider - GH_APK=5 / FDroid_APK=3 (pkg=com.wa2c.android.cifsdocumentsprovider)
2025-10-01 17:03:11,263 - LINE 289 - SUCCESS hushenghao/AndroidEasterEggs - GH_APK=5 / FDroid_APK=3 (pkg=com.dede.android_eggs)
2025-10-01 17:03:11,646 - LINE 291 - SUCCESS syt0r/Kanji-Dojo - GH_APK=5 / FDroid_APK=0 (pkg=ua.syt0r.kanji)
2025-10-01 17:03:11,690 - LINE 290 - SUCCESS fingerprintjs/fingerprintjs-android - GH_APK=5 / FDroid_APK=0 (pkg=com.fingerprintjs.android.playground)
2025-10-01 17:03:12,065 - LINE 293 - FAILED Ch4t4r/Nebulo - GH_APK=0 / FDroid_APK=0 (pkg=com.frostnerd.smokescreen)
2025-10-01 17:03:12,408 - LINE 295 - SUCCESS gujjwal00/avnc - GH_APK=5 / FDroid_APK=3 (pkg=com.gaurav.avnc)
2025-10-01 17:03:12,523 - LINE 296 - SUCCESS yogeshpaliyal/KeyPass - GH_APK=5 / FDroid_APK=3 (pkg=com.yogeshpaliyal.keypass)
2025-10-01 17:03:12,620 - LINE 297 - SUCCESS joaomgcd/TaskerSettings - GH_APK=5 / FDroid_APK=0 (pkg=com.joaomgcd.autotools)
2025-10-01 17:03:12,637 - LINE 294 - SUCCESS Hamza417/Inure - GH_APK=5 / FDroid_APK=0 (pkg=app.simple.inureunlocker)
2025-10-01 17:03:12,857 - LINE 298 - FAILED Seeneva/seeneva-reader-android - GH_APK=3 / FDroid_APK=3 (pkg=app.seeneva.reader)
2025-10-01 17:03:13,699 - LINE 299 - FAILED akshaaatt/Google-IAP - GH_APK=0 / FDroid_APK=0 (pkg=daily.status.earn.money)
2025-10-01 17:03:13,702 - LINE 300 - SUCCESS fcitx5-android/fcitx5-android - GH_APK=5 / FDroid_APK=12 (pkg=org.fcitx.fcitx5.android)
2025-10-01 17:03:14,062 - LINE 302 - SUCCESS OlauncherCF/OlauncherCF - GH_APK=5 / FDroid_APK=3 (pkg=app.olauncher)
2025-10-01 17:03:14,093 - LINE 301 - SUCCESS jarnedemeulemeester/findroid - GH_APK=5 / FDroid_APK=2 (pkg=dev.jdtech.jellyfin)
2025-10-01 17:03:14,240 - LINE 305 - SUCCESS pakka-papad/Zen - GH_APK=5 / FDroid_APK=0 (pkg=com.github.pakka_papad)
2025-10-01 17:03:14,372 - LINE 306 - SUCCESS Fabi019/hid-barcode-scanner - GH_APK=5 / FDroid_APK=0 (pkg=dev.fabik.bluetoothhid)
2025-10-01 17:03:14,381 - LINE 304 - SUCCESS binwiederhier/ntfy-android - GH_APK=5 / FDroid_APK=3 (pkg=io.heckel.ntfy)
2025-10-01 17:03:14,637 - LINE 303 - SUCCESS ergoplatform/ergo-wallet-app - GH_APK=5 / FDroid_APK=0 (pkg=org.ergoplatform.android)
2025-10-01 17:03:15,039 - LINE 307 - FAILED Bartozo/Life-Progress-Android - GH_APK=0 / FDroid_APK=0 (pkg=com.bartozo.lifeprogress)
2025-10-01 17:03:56,687 - LINE 233 - SUCCESS BimmerGestalt/AAIdrive - GH_APK=5 / FDroid_APK=12 (pkg=radioenergy.app)
2025-10-01 17:03:56,693 - 总仓库数: 308
2025-10-01 17:03:56,694 - 保留仓库数: 195
