2025-10-03 13:40:16,016 - markusfisch/ShaderEditor -> R3y=33/33 latestR=2025-08-26T19:15:49+00:00 latestR_apk=2025-08-26T19:15:49+00:00 | T3y=0/0 latestT=N/A latestT_apk=N/A
2025-10-03 13:40:16,257 - AnySoftKeyboard/AnySoftKeyboard -> R3y=3/3 latestR=2025-08-23T20:52:39+00:00 latestR_apk=2025-08-23T20:52:39+00:00 | T3y=0/0 latestT=N/A latestT_apk=N/A
2025-10-03 13:40:16,282 - mastodon/mastodon-android -> R3y=58/58 latestR=2025-10-01T10:17:48+00:00 latestR_apk=2025-10-01T10:17:48+00:00 | T3y=0/0 latestT=N/A latestT_apk=N/A
2025-10-03 13:40:17,541 - MarcusWolschon/osmeditor4android -> R3y=126/106 latestR=2025-09-14T14:53:46+00:00 latestR_apk=2025-09-14T14:53:46+00:00 | T3y=0/0 latestT=N/A latestT_apk=N/A
2025-10-03 13:40:18,208 - thunderbird/thunderbird-android -> R3y=165/165 latestR=2025-09-30T18:41:35+00:00 latestR_apk=2025-09-30T18:41:35+00:00 | T3y=0/0 latestT=N/A latestT_apk=N/A
2025-10-03 13:40:18,258 - owntracks/android -> R3y=34/34 latestR=2025-08-26T16:53:38+00:00 latestR_apk=2025-08-26T16:53:38+00:00 | T3y=0/0 latestT=N/A latestT_apk=N/A
2025-10-03 13:40:18,558 - nextcloud/android -> R3y=123/122 latestR=2025-09-25T10:39:22+00:00 latestR_apk=2025-09-25T10:39:22+00:00 | T3y=0/0 latestT=N/A latestT_apk=N/A
2025-10-03 13:40:18,653 - moneymanagerex/android-money-manager-ex -> R3y=93/91 latestR=2025-09-20T07:54:44+00:00 latestR_apk=2025-09-20T07:54:44+00:00 | T3y=0/0 latestT=N/A latestT_apk=N/A
2025-10-03 13:40:18,926 - streetcomplete/StreetComplete -> R3y=156/156 latestR=2025-08-18T16:41:13+00:00 latestR_apk=2025-08-18T16:41:13+00:00 | T3y=0/0 latestT=N/A latestT_apk=N/A
2025-10-03 13:40:18,982 - openfoodfacts/openfoodfacts-androidapp -> R3y=16/0 latestR=2023-04-06T19:24:46+00:00 latestR_apk=N/A | T3y=0/0 latestT=N/A latestT_apk=N/A
2025-10-03 13:40:19,299 - andstatus/andstatus -> R3y=6/4 latestR=2024-12-14T15:36:00+00:00 latestR_apk=2024-12-14T15:36:00+00:00 | T3y=0/0 latestT=N/A latestT_apk=N/A
2025-10-03 13:40:19,457 - SapuSeven/BetterUntis -> R3y=14/14 latestR=2025-07-08T00:17:18+00:00 latestR_apk=2025-07-08T00:17:18+00:00 | T3y=0/0 latestT=N/A latestT_apk=N/A
2025-10-03 13:40:19,756 - pantasystem/Milktea -> R3y=21/20 latestR=2024-09-19T14:54:37+00:00 latestR_apk=2024-09-19T14:54:37+00:00 | T3y=0/0 latestT=N/A latestT_apk=N/A
2025-10-03 13:40:19,781 - markusfisch/Libra -> R3y=10/10 latestR=2025-08-13T17:30:58+00:00 latestR_apk=2025-08-13T17:30:58+00:00 | T3y=0/0 latestT=N/A latestT_apk=N/A
2025-10-03 13:40:20,022 - federicoiosue/Omni-Notes -> R3y=13/12 latestR=2023-12-16T22:45:41+00:00 latestR_apk=2023-12-16T22:45:41+00:00 | T3y=0/0 latestT=N/A latestT_apk=N/A
2025-10-03 13:40:20,144 - QuantumBadger/RedReader -> R3y=18/18 latestR=2024-08-26T10:01:56+00:00 latestR_apk=2024-08-26T10:01:56+00:00 | T3y=0/0 latestT=N/A latestT_apk=N/A
2025-10-03 13:40:20,315 - wallabag/android-app -> R3y=7/7 latestR=2024-05-24T08:44:39+00:00 latestR_apk=2024-05-24T08:44:39+00:00 | T3y=0/0 latestT=N/A latestT_apk=N/A
2025-10-03 13:40:20,458 - mathisdt/trackworktime -> R3y=27/27 latestR=2025-08-24T19:06:04+00:00 latestR_apk=2025-08-24T19:06:04+00:00 | T3y=0/0 latestT=N/A latestT_apk=N/A
2025-10-03 13:40:20,571 - smc/Indic-Keyboard -> R3y=2/2 latestR=2021-08-09T02:34:49+00:00 latestR_apk=2021-08-09T02:34:49+00:00 | T3y=0/0 latestT=N/A latestT_apk=N/A
2025-10-03 13:40:20,754 - jclehner/rxdroid -> R3y=6/6 latestR=2024-01-06T10:11:03+00:00 latestR_apk=2024-01-06T10:11:03+00:00 | T3y=0/0 latestT=N/A latestT_apk=N/A
2025-10-03 13:40:20,995 - nilsbraden/ttrss-reader-fork -> R3y=13/13 latestR=2024-11-12T19:15:50+00:00 latestR_apk=2024-11-12T19:15:50+00:00 | T3y=0/0 latestT=N/A latestT_apk=N/A
2025-10-03 13:40:21,189 - nextcloud/notes-android -> R3y=13/8 latestR=2025-09-25T12:14:19+00:00 latestR_apk=2025-09-25T12:14:19+00:00 | T3y=0/0 latestT=N/A latestT_apk=N/A
2025-10-03 13:40:21,255 - pluscubed/matlog -> R3y=0/0 latestR=N/A latestR_apk=N/A | T3y=0/0 latestT=N/A latestT_apk=N/A
2025-10-03 13:40:21,528 - eladnava/redalert-android -> R3y=64/64 latestR=2025-06-25T20:03:36+00:00 latestR_apk=2025-06-25T20:03:36+00:00 | T3y=0/0 latestT=N/A latestT_apk=N/A
2025-10-03 13:40:21,599 - nextcloud/talk-android -> R3y=116/115 latestR=2025-10-02T11:00:14+00:00 latestR_apk=2025-10-02T11:00:14+00:00 | T3y=0/0 latestT=N/A latestT_apk=N/A
2025-10-03 13:40:21,784 - getodk/collect -> R3y=153/134 latestR=2025-09-24T18:45:50+00:00 latestR_apk=2025-09-24T18:45:50+00:00 | T3y=0/0 latestT=N/A latestT_apk=N/A
2025-10-03 13:40:22,056 - AniTrend/anitrend-app -> R3y=38/36 latestR=2025-08-23T17:35:00+00:00 latestR_apk=2025-08-23T17:35:00+00:00 | T3y=0/0 latestT=N/A latestT_apk=N/A
2025-10-03 13:40:22,387 - brarcher/video-transcoder -> R3y=0/0 latestR=N/A latestR_apk=N/A | T3y=0/0 latestT=N/A latestT_apk=N/A
2025-10-03 13:40:22,435 - mkulesh/onpc -> R3y=21/21 latestR=2025-08-26T15:48:44+00:00 latestR_apk=2025-08-26T15:48:44+00:00 | T3y=0/0 latestT=N/A latestT_apk=N/A
2025-10-03 13:40:22,491 - rkkr/simple-keyboard -> R3y=52/52 latestR=2025-09-28T16:24:19+00:00 latestR_apk=2025-09-28T16:24:19+00:00 | T3y=0/0 latestT=N/A latestT_apk=N/A
2025-10-03 13:40:22,785 - patzly/tack-android -> R3y=20/20 latestR=2025-04-06T17:07:26+00:00 latestR_apk=2025-04-06T17:07:26+00:00 | T3y=0/0 latestT=N/A latestT_apk=N/A
2025-10-03 13:40:22,942 - v2er-app/Android -> R3y=9/9 latestR=2025-09-21T05:40:55+00:00 latestR_apk=2025-09-21T05:40:55+00:00 | T3y=0/0 latestT=N/A latestT_apk=N/A
2025-10-03 13:40:23,086 - Docile-Alligator/Infinity-For-Reddit -> R3y=139/138 latestR=2025-09-18T18:05:39+00:00 latestR_apk=2025-09-18T18:05:39+00:00 | T3y=0/0 latestT=N/A latestT_apk=N/A
2025-10-03 13:40:23,113 - CatimaLoyalty/Android -> R3y=113/112 latestR=2025-10-01T15:59:23+00:00 latestR_apk=2025-10-01T15:59:23+00:00 | T3y=0/0 latestT=N/A latestT_apk=N/A
2025-10-03 13:40:23,237 - VincentEngel/VES-Image-Compare -> R3y=40/16 latestR=2025-07-05T14:46:54+00:00 latestR_apk=2025-07-05T14:46:54+00:00 | T3y=0/0 latestT=N/A latestT_apk=N/A
2025-10-03 13:40:23,398 - ap-atul/music_player_lite -> R3y=17/17 latestR=2025-04-27T13:53:04+00:00 latestR_apk=2025-04-27T13:53:04+00:00 | T3y=0/0 latestT=N/A latestT_apk=N/A
2025-10-03 13:40:23,827 - TeamAmaze/AmazeFileManager -> R3y=20/20 latestR=2024-02-17T19:42:49+00:00 latestR_apk=2024-02-17T19:42:49+00:00 | T3y=0/0 latestT=N/A latestT_apk=N/A
2025-10-03 13:40:23,896 - allgood/OpenNoteScanner -> R3y=0/0 latestR=N/A latestR_apk=N/A | T3y=0/0 latestT=N/A latestT_apk=N/A
2025-10-03 13:40:24,004 - spacecowboy/Feeder -> R3y=61/61 latestR=2025-09-20T07:25:57+00:00 latestR_apk=2025-09-20T07:25:57+00:00 | T3y=0/0 latestT=N/A latestT_apk=N/A
2025-10-03 13:40:24,039 - moezbhatti/qksms -> R3y=7/7 latestR=2023-01-16T18:01:54+00:00 latestR_apk=2023-01-16T18:01:54+00:00 | T3y=0/0 latestT=N/A latestT_apk=N/A
2025-10-03 13:40:24,368 - SimonSchubert/LinuxCommandLibrary -> R3y=39/39 latestR=2025-09-21T19:22:39+00:00 latestR_apk=2025-09-21T19:22:39+00:00 | T3y=0/0 latestT=N/A latestT_apk=N/A
2025-10-03 13:40:24,464 - sspanak/tt9 -> R3y=51/51 latestR=2025-09-24T07:31:29+00:00 latestR_apk=2025-09-24T07:31:29+00:00 | T3y=0/0 latestT=N/A latestT_apk=N/A
2025-10-03 13:40:24,502 - grote/Transportr -> R3y=9/9 latestR=2024-12-07T19:36:07+00:00 latestR_apk=2024-12-07T19:36:07+00:00 | T3y=0/0 latestT=N/A latestT_apk=N/A
2025-10-03 13:40:24,688 - max-kammerer/orion-viewer -> R3y=42/42 latestR=2025-05-14T07:48:32+00:00 latestR_apk=2025-05-14T07:48:32+00:00 | T3y=0/0 latestT=N/A latestT_apk=N/A
2025-10-03 13:40:25,028 - wuan/bo-android -> R3y=18/0 latestR=2025-09-09T06:09:12+00:00 latestR_apk=N/A | T3y=0/0 latestT=N/A latestT_apk=N/A
2025-10-03 13:40:25,129 - mtotschnig/MyExpenses -> R3y=1/1 latestR=2020-10-07T16:40:05+00:00 latestR_apk=2020-10-07T16:40:05+00:00 | T3y=0/0 latestT=N/A latestT_apk=N/A
2025-10-03 13:40:25,473 - hanjoongcho/aaf-easydiary -> R3y=0/0 latestR=N/A latestR_apk=N/A | T3y=0/0 latestT=N/A latestT_apk=N/A
2025-10-03 13:40:25,636 - Adventech/sabbath-school-android -> R3y=42/37 latestR=2025-07-12T03:57:29+00:00 latestR_apk=2025-07-12T03:57:29+00:00 | T3y=0/0 latestT=N/A latestT_apk=N/A
2025-10-03 13:40:25,650 - orgzly/orgzly-android -> R3y=16/16 latestR=2022-11-05T13:04:09+00:00 latestR_apk=2022-11-05T13:04:09+00:00 | T3y=0/0 latestT=N/A latestT_apk=N/A
2025-10-03 13:40:25,802 - kawaiiDango/pano-scrobbler -> R3y=83/81 latestR=2025-09-14T21:34:27+00:00 latestR_apk=2025-09-14T21:34:27+00:00 | T3y=0/0 latestT=N/A latestT_apk=N/A
2025-10-03 13:40:26,188 - StepicOrg/stepik-android -> R3y=68/0 latestR=2022-04-06T17:49:40+00:00 latestR_apk=N/A | T3y=0/0 latestT=N/A latestT_apk=N/A
2025-10-03 13:40:26,299 - Anrimian/music-player -> R3y=21/5 latestR=2025-08-10T16:28:12+00:00 latestR_apk=2025-08-10T16:28:12+00:00 | T3y=0/0 latestT=N/A latestT_apk=N/A
2025-10-03 13:40:26,336 - Crazy-Marvin/MetadataRemover -> R3y=6/5 latestR=2024-08-04T20:35:41+00:00 latestR_apk=2024-08-04T20:35:41+00:00 | T3y=0/0 latestT=N/A latestT_apk=N/A
2025-10-03 13:40:26,440 - wbrawner/SimpleMarkdown -> R3y=1/1 latestR=2021-02-22T02:12:03+00:00 latestR_apk=2021-02-22T02:12:03+00:00 | T3y=0/0 latestT=N/A latestT_apk=N/A
2025-10-03 13:40:26,453 - d4rken-org/bluemusic -> R3y=27/26 latestR=2025-08-15T11:30:26+00:00 latestR_apk=2025-08-15T11:30:26+00:00 | T3y=0/0 latestT=N/A latestT_apk=N/A
2025-10-03 13:40:26,745 - zhanghai/MaterialFiles -> R3y=18/18 latestR=2024-06-30T05:17:48+00:00 latestR_apk=2024-06-30T05:17:48+00:00 | T3y=0/0 latestT=N/A latestT_apk=N/A
2025-10-03 13:40:26,779 - RetroMusicPlayer/RetroMusicPlayer -> R3y=23/23 latestR=2025-08-09T07:16:03+00:00 latestR_apk=2025-08-09T07:16:03+00:00 | T3y=0/0 latestT=N/A latestT_apk=N/A
2025-10-03 13:40:26,834 - michelesalvador/FamilyGem -> R3y=10/10 latestR=2025-06-23T17:16:50+00:00 latestR_apk=2025-06-23T17:16:50+00:00 | T3y=0/0 latestT=N/A latestT_apk=N/A
2025-10-03 13:40:26,880 - michaldrabik/showly -> R3y=12/12 latestR=2025-09-28T10:23:09+00:00 latestR_apk=2025-09-28T10:23:09+00:00 | T3y=0/0 latestT=N/A latestT_apk=N/A
2025-10-03 13:40:27,189 - zend10/AL-chan -> R3y=5/5 latestR=2024-08-25T05:50:58+00:00 latestR_apk=2024-08-25T05:50:58+00:00 | T3y=0/0 latestT=N/A latestT_apk=N/A
2025-10-03 13:40:27,211 - z-huang/InnerTune -> R3y=26/26 latestR=2024-09-01T15:22:41+00:00 latestR_apk=2024-09-01T15:22:41+00:00 | T3y=0/0 latestT=N/A latestT_apk=N/A
2025-10-03 13:40:27,261 - oppia/oppia-android -> R3y=16/7 latestR=2025-10-01T03:29:38+00:00 latestR_apk=2022-05-19T21:25:50+00:00 | T3y=0/0 latestT=N/A latestT_apk=N/A
2025-10-03 13:40:27,283 - JLindemann42/Atomic-Periodic-Table.Android -> R3y=13/13 latestR=2025-08-05T19:37:11+00:00 latestR_apk=2025-08-05T19:37:11+00:00 | T3y=0/0 latestT=N/A latestT_apk=N/A
2025-10-03 13:40:27,384 - SamAmco/track-and-graph -> R3y=69/68 latestR=2025-09-29T20:02:21+00:00 latestR_apk=2025-09-29T20:02:21+00:00 | T3y=0/0 latestT=N/A latestT_apk=N/A
2025-10-03 13:40:27,786 - More-Than-Solitaire/Tabs-Lite -> R3y=11/11 latestR=2025-05-19T17:59:28+00:00 latestR_apk=2025-05-19T17:59:28+00:00 | T3y=0/0 latestT=N/A latestT_apk=N/A
2025-10-03 13:40:27,790 - syt0r/Kanji-Dojo -> R3y=28/28 latestR=2025-08-12T13:54:49+00:00 latestR_apk=2025-08-12T13:54:49+00:00 | T3y=0/0 latestT=N/A latestT_apk=N/A
2025-10-03 13:40:27,794 - axiel7/MoeList -> R3y=45/45 latestR=2025-06-13T11:52:57+00:00 latestR_apk=2025-06-13T11:52:57+00:00 | T3y=0/0 latestT=N/A latestT_apk=N/A
2025-10-03 13:40:27,795 - pakka-papad/Zen -> R3y=8/8 latestR=2025-01-26T18:47:54+00:00 latestR_apk=2025-01-26T18:47:54+00:00 | T3y=0/0 latestT=N/A latestT_apk=N/A
2025-10-03 13:40:28,073 - jellyfin/jellyfin-android -> R3y=42/42 latestR=2025-05-16T19:44:21+00:00 latestR_apk=2025-05-16T19:44:21+00:00 | T3y=0/0 latestT=N/A latestT_apk=N/A
2025-10-03 13:40:31,778 - M66B/FairEmail -> R3y=921/8 latestR=2025-09-30T05:49:34+00:00 latestR_apk=2025-09-30T05:49:34+00:00 | T3y=0/0 latestT=N/A latestT_apk=N/A
