2025-10-02 17:06:46,981 - 总行数: 195 | 命中过滤(第6列为1或2): 0 | 写出: 0
2025-10-02 17:13:19,323 - 总行数: 195 | 命中过滤(第6列为1或2): 0 | 写出: 0
2025-10-02 17:14:57,686 - 总行数: 195 | 命中过滤(第6列为1或2): 0 | 写出: 0
2025-10-02 17:18:45,337 - SUCCESS LINE 4 - M66B/FairEmail
2025-10-02 17:18:45,590 - SUCCESS LINE 2 - moneymanagerex/android-money-manager-ex
2025-10-02 17:18:45,699 - SUCCESS LINE 9 - owntracks/android
2025-10-02 17:18:45,844 - SUCCESS LINE 3 - MarcusWolschon/osmeditor4android
2025-10-02 17:18:45,848 - SUCCESS LINE 1 - markusfisch/ShaderEditor
2025-10-02 17:18:46,083 - SUCCESS LINE 6 - thunderbird/thunderbird-android
2025-10-02 17:18:46,128 - SUCCESS LINE 8 - streetcomplete/StreetComplete
2025-10-02 17:18:46,408 - SUCCESS LINE 5 - mastodon/mastodon-android
2025-10-02 17:18:46,875 - SUCCESS LINE 0 - AnySoftKeyboard/AnySoftKeyboard
2025-10-02 17:18:47,482 - SUCCESS LINE 7 - nextcloud/android
2025-10-02 17:18:47,541 - SUCCESS LINE 15 - SapuSeven/BetterUntis
2025-10-02 17:18:47,917 - SUCCESS LINE 14 - markusfisch/Libra
2025-10-02 17:18:48,028 - SUCCESS LINE 12 - andstatus/andstatus
2025-10-02 17:18:48,439 - SUCCESS LINE 11 - getodk/collect
2025-10-02 17:18:48,482 - SUCCESS LINE 17 - federicoiosue/Omni-Notes
2025-10-02 17:18:48,595 - SUCCESS LINE 13 - nextcloud/talk-android
2025-10-02 17:18:48,731 - SUCCESS LINE 16 - pantasystem/Milktea
2025-10-02 17:18:48,945 - SUCCESS LINE 20 - mathisdt/trackworktime
2025-10-02 17:18:48,981 - SUCCESS LINE 10 - openfoodfacts/openfoodfacts-androidapp
2025-10-02 17:18:49,512 - SUCCESS LINE 19 - wallabag/android-app
2025-10-02 17:18:49,614 - SUCCESS LINE 21 - smc/Indic-Keyboard
2025-10-02 17:18:49,898 - SUCCESS LINE 24 - nextcloud/notes-android
2025-10-02 17:18:50,055 - SUCCESS LINE 18 - QuantumBadger/RedReader
2025-10-02 17:18:50,779 - SUCCESS LINE 22 - jclehner/rxdroid
2025-10-02 17:18:50,862 - SUCCESS LINE 27 - rkkr/simple-keyboard
2025-10-02 17:18:50,978 - SUCCESS LINE 29 - brarcher/video-transcoder
2025-10-02 17:18:51,071 - SUCCESS LINE 28 - AniTrend/anitrend-app
2025-10-02 17:18:51,196 - SUCCESS LINE 26 - eladnava/redalert-android
2025-10-02 17:18:51,251 - SUCCESS LINE 25 - pluscubed/matlog
2025-10-02 17:18:51,328 - SUCCESS LINE 32 - CatimaLoyalty/Android
2025-10-02 17:18:51,512 - SUCCESS LINE 30 - Docile-Alligator/Infinity-For-Reddit
2025-10-02 17:18:51,623 - SUCCESS LINE 31 - mkulesh/onpc
2025-10-02 17:18:52,203 - SUCCESS LINE 33 - patzly/tack-android
2025-10-02 17:18:52,381 - SUCCESS LINE 23 - nilsbraden/ttrss-reader-fork
2025-10-02 17:18:52,556 - SUCCESS LINE 34 - ap-atul/music_player_lite
2025-10-02 17:18:53,513 - SUCCESS LINE 40 - spacecowboy/Feeder
2025-10-02 17:18:53,514 - SUCCESS LINE 37 - sspanak/tt9
2025-10-02 17:18:53,555 - SUCCESS LINE 38 - TeamAmaze/AmazeFileManager
2025-10-02 17:18:54,153 - SUCCESS LINE 36 - VincentEngel/VES-Image-Compare
2025-10-02 17:18:54,224 - SUCCESS LINE 44 - mtotschnig/MyExpenses
2025-10-02 17:18:54,241 - SUCCESS LINE 43 - grote/Transportr
2025-10-02 17:18:54,536 - SUCCESS LINE 42 - SimonSchubert/LinuxCommandLibrary
2025-10-02 17:18:54,882 - SUCCESS LINE 45 - max-kammerer/orion-viewer
2025-10-02 17:18:54,898 - SUCCESS LINE 35 - v2er-app/Android
2025-10-02 17:18:55,019 - SUCCESS LINE 41 - allgood/OpenNoteScanner
2025-10-02 17:18:55,024 - SUCCESS LINE 39 - moezbhatti/qksms
2025-10-02 17:18:55,247 - SUCCESS LINE 47 - Adventech/sabbath-school-android
2025-10-02 17:18:55,339 - SUCCESS LINE 46 - StepicOrg/stepik-android
2025-10-02 17:18:56,161 - SUCCESS LINE 50 - kawaiiDango/pano-scrobbler
2025-10-02 17:18:56,325 - SUCCESS LINE 51 - hanjoongcho/aaf-easydiary
2025-10-02 17:18:56,570 - SUCCESS LINE 48 - wuan/bo-android
2025-10-02 17:18:56,664 - SUCCESS LINE 49 - orgzly/orgzly-android
2025-10-02 17:18:56,944 - SUCCESS LINE 53 - wbrawner/SimpleMarkdown
2025-10-02 17:18:57,320 - SUCCESS LINE 59 - michelesalvador/FamilyGem
2025-10-02 17:18:57,372 - SUCCESS LINE 54 - d4rken-org/bluemusic
2025-10-02 17:18:57,413 - SUCCESS LINE 57 - RetroMusicPlayer/RetroMusicPlayer
2025-10-02 17:18:58,016 - SUCCESS LINE 56 - zhanghai/MaterialFiles
2025-10-02 17:18:58,126 - SUCCESS LINE 52 - Crazy-Marvin/MetadataRemover
2025-10-02 17:18:58,473 - SUCCESS LINE 55 - Anrimian/music-player
2025-10-02 17:18:59,077 - SUCCESS LINE 64 - JLindemann42/Atomic-Periodic-Table.Android
2025-10-02 17:18:59,104 - SUCCESS LINE 58 - oppia/oppia-android
2025-10-02 17:18:59,104 - SUCCESS LINE 67 - axiel7/MoeList
2025-10-02 17:18:59,251 - SUCCESS LINE 60 - michaldrabik/showly
2025-10-02 17:18:59,561 - SUCCESS LINE 65 - More-Than-Solitaire/Tabs-Lite
2025-10-02 17:18:59,619 - SUCCESS LINE 63 - zend10/AL-chan
2025-10-02 17:18:59,692 - SUCCESS LINE 62 - z-huang/InnerTune
2025-10-02 17:19:00,660 - SUCCESS LINE 61 - SamAmco/track-and-graph
2025-10-02 17:19:00,761 - SUCCESS LINE 66 - jellyfin/jellyfin-android
2025-10-02 17:19:00,889 - SUCCESS LINE 68 - syt0r/Kanji-Dojo
2025-10-02 17:19:02,668 - SUCCESS LINE 69 - pakka-papad/Zen
2025-10-02 17:19:02,672 - 总行数: 70 | 写出: 70
