2025-10-03 10:38:37,589 - markusfisch/ShaderEditor -> R3y=23/23 latestR=2025-08-26T19:15:49+00:00 latestR_apk=2025-08-26T19:15:49+00:00 | T3y=23/0 latestT=2025-08-26T19:14:53+00:00 latestT_apk=N/A
2025-10-03 10:38:40,393 - AnySoftKeyboard/AnySoftKeyboard -> R3y=1/1 latestR=2025-08-23T20:52:39+00:00 latestR_apk=2025-08-23T20:52:39+00:00 | T3y=1/0 latestT=2025-08-23T19:50:11+00:00 latestT_apk=N/A
2025-10-03 10:39:07,138 - mastodon/mastodon-android -> R3y=51/51 latestR=2025-10-01T10:17:48+00:00 latestR_apk=2025-10-01T10:17:48+00:00 | T3y=51/0 latestT=2025-10-01T10:09:14+00:00 latestT_apk=N/A
2025-10-03 10:39:33,327 - owntracks/android -> R3y=9/9 latestR=2025-08-26T16:53:38+00:00 latestR_apk=2025-08-26T16:53:38+00:00 | T3y=12/0 latestT=2025-08-24T16:05:41+00:00 latestT_apk=N/A
2025-10-03 10:39:49,329 - openfoodfacts/openfoodfacts-androidapp -> R3y=4/0 latestR=2023-04-06T19:24:46+00:00 latestR_apk=N/A | T3y=4/0 latestT=2023-04-06T19:24:20+00:00 latestT_apk=N/A
2025-10-03 10:41:38,986 - MarcusWolschon/osmeditor4android -> R3y=68/60 latestR=2025-09-14T14:53:46+00:00 latestR_apk=2025-09-14T14:53:46+00:00 | T3y=69/69 latestT=2025-09-14T11:44:57+00:00 latestT_apk=2025-09-14T11:44:57+00:00
2025-10-03 10:41:59,975 - andstatus/andstatus -> R3y=5/4 latestR=2024-12-14T15:36:00+00:00 latestR_apk=2024-12-14T15:36:00+00:00 | T3y=11/0 latestT=2024-12-14T09:25:56+00:00 latestT_apk=N/A
2025-10-03 10:42:14,995 - markusfisch/Libra -> R3y=7/7 latestR=2025-08-13T17:30:58+00:00 latestR_apk=2025-08-13T17:30:58+00:00 | T3y=7/0 latestT=2025-08-13T17:30:00+00:00 latestT_apk=N/A
2025-10-03 10:42:17,391 - moneymanagerex/android-money-manager-ex -> R3y=93/91 latestR=2025-09-20T07:54:44+00:00 latestR_apk=2025-09-20T07:54:44+00:00 | T3y=94/0 latestT=2025-09-16T13:29:46+00:00 latestT_apk=N/A
2025-10-03 10:42:50,247 - SapuSeven/BetterUntis -> R3y=13/13 latestR=2025-07-08T00:17:18+00:00 latestR_apk=2025-07-08T00:17:18+00:00 | T3y=18/0 latestT=2025-07-08T00:17:18+00:00 latestT_apk=N/A
2025-10-03 10:43:04,891 - streetcomplete/StreetComplete -> R3y=62/62 latestR=2025-08-18T16:41:13+00:00 latestR_apk=2025-08-18T16:41:13+00:00 | T3y=62/0 latestT=2025-08-18T16:20:18+00:00 latestT_apk=N/A
2025-10-03 10:43:55,516 - QuantumBadger/RedReader -> R3y=9/9 latestR=2024-08-26T10:01:56+00:00 latestR_apk=2024-08-26T10:01:56+00:00 | T3y=9/0 latestT=2024-08-25T12:23:34+00:00 latestT_apk=N/A
2025-10-03 10:44:26,856 - federicoiosue/Omni-Notes -> R3y=12/11 latestR=2023-12-16T22:45:41+00:00 latestR_apk=2023-12-16T22:45:41+00:00 | T3y=18/0 latestT=2023-12-16T22:28:31+00:00 latestT_apk=N/A
2025-10-03 10:44:33,579 - wallabag/android-app -> R3y=4/4 latestR=2024-05-24T08:44:39+00:00 latestR_apk=2024-05-24T08:44:39+00:00 | T3y=4/0 latestT=2024-05-24T08:40:51+00:00 latestT_apk=N/A
2025-10-03 11:38:34,294 - markusfisch/ShaderEditor -> R3y=23/23 latestR=2025-08-26T19:15:49+00:00 latestR_apk=2025-08-26T19:15:49+00:00 | T3y=23/0 latestT=2025-08-26T19:14:53+00:00 latestT_apk=N/A
2025-10-03 11:38:36,968 - AnySoftKeyboard/AnySoftKeyboard -> R3y=1/1 latestR=2025-08-23T20:52:39+00:00 latestR_apk=2025-08-23T20:52:39+00:00 | T3y=1/0 latestT=2025-08-23T19:50:11+00:00 latestT_apk=N/A
2025-10-03 11:39:02,743 - mastodon/mastodon-android -> R3y=51/51 latestR=2025-10-01T10:17:48+00:00 latestR_apk=2025-10-01T10:17:48+00:00 | T3y=51/0 latestT=2025-10-01T10:09:14+00:00 latestT_apk=N/A
2025-10-03 11:41:11,783 - MarcusWolschon/osmeditor4android -> R3y=68/60 latestR=2025-09-14T14:53:46+00:00 latestR_apk=2025-09-14T14:53:46+00:00 | T3y=69/69 latestT=2025-09-14T11:44:57+00:00 latestT_apk=2025-09-14T11:44:57+00:00
2025-10-03 11:41:32,601 - moneymanagerex/android-money-manager-ex -> R3y=93/91 latestR=2025-09-20T07:54:44+00:00 latestR_apk=2025-09-20T07:54:44+00:00 | T3y=94/0 latestT=2025-09-16T13:29:46+00:00 latestT_apk=N/A
2025-10-03 11:41:55,556 - owntracks/android -> R3y=9/9 latestR=2025-08-26T16:53:38+00:00 latestR_apk=2025-08-26T16:53:38+00:00 | T3y=12/0 latestT=2025-08-24T16:05:41+00:00 latestT_apk=N/A
2025-10-03 11:42:11,056 - openfoodfacts/openfoodfacts-androidapp -> R3y=4/0 latestR=2023-04-06T19:24:46+00:00 latestR_apk=N/A | T3y=4/0 latestT=2023-04-06T19:24:20+00:00 latestT_apk=N/A
2025-10-03 11:43:02,674 - streetcomplete/StreetComplete -> R3y=62/62 latestR=2025-08-18T16:41:13+00:00 latestR_apk=2025-08-18T16:41:13+00:00 | T3y=62/0 latestT=2025-08-18T16:20:18+00:00 latestT_apk=N/A
2025-10-03 11:44:02,253 - andstatus/andstatus -> R3y=5/4 latestR=2024-12-14T15:36:00+00:00 latestR_apk=2024-12-14T15:36:00+00:00 | T3y=11/0 latestT=2024-12-14T09:25:56+00:00 latestT_apk=N/A
2025-10-03 11:44:15,250 - markusfisch/Libra -> R3y=7/7 latestR=2025-08-13T17:30:58+00:00 latestR_apk=2025-08-13T17:30:58+00:00 | T3y=7/0 latestT=2025-08-13T17:30:00+00:00 latestT_apk=N/A
2025-10-03 11:44:45,980 - SapuSeven/BetterUntis -> R3y=13/13 latestR=2025-07-08T00:17:18+00:00 latestR_apk=2025-07-08T00:17:18+00:00 | T3y=18/0 latestT=2025-07-08T00:17:18+00:00 latestT_apk=N/A
2025-10-03 11:44:46,109 - thunderbird/thunderbird-android -> R3y=103/103 latestR=2025-09-30T18:41:35+00:00 latestR_apk=2025-09-30T18:41:35+00:00 | T3y=105/0 latestT=2025-09-29T20:29:43+00:00 latestT_apk=N/A
2025-10-03 11:46:15,948 - federicoiosue/Omni-Notes -> R3y=12/11 latestR=2023-12-16T22:45:41+00:00 latestR_apk=2023-12-16T22:45:41+00:00 | T3y=18/0 latestT=2023-12-16T22:28:31+00:00 latestT_apk=N/A
2025-10-03 12:10:19,901 - mathisdt/trackworktime -> R3y=8/8 latestR=2025-08-24T19:06:04+00:00 latestR_apk=2025-08-24T19:06:04+00:00 | T3y=8/0 latestT=2025-08-24T18:59:20+00:00 latestT_apk=N/A
2025-10-03 12:10:31,985 - smc/Indic-Keyboard -> R3y=0/0 latestR=N/A latestR_apk=N/A | T3y=2/0 latestT=2024-09-23T02:59:37+00:00 latestT_apk=N/A
2025-10-03 12:10:55,997 - jclehner/rxdroid -> R3y=4/4 latestR=2024-01-06T10:11:03+00:00 latestR_apk=2024-01-06T10:11:03+00:00 | T3y=4/2 latestT=2024-01-06T10:09:32+00:00 latestT_apk=2023-09-04T21:14:42+00:00
2025-10-03 12:11:47,734 - nilsbraden/ttrss-reader-fork -> R3y=7/7 latestR=2024-11-12T19:15:50+00:00 latestR_apk=2024-11-12T19:15:50+00:00 | T3y=7/0 latestT=2024-11-12T18:40:06+00:00 latestT_apk=N/A
2025-10-03 12:13:18,535 - nextcloud/notes-android -> R3y=13/8 latestR=2025-09-25T12:14:19+00:00 latestR_apk=2025-09-25T12:14:19+00:00 | T3y=24/0 latestT=2025-10-02T12:45:10+00:00 latestT_apk=N/A
2025-10-03 12:13:24,557 - pluscubed/matlog -> R3y=0/0 latestR=N/A latestR_apk=N/A | T3y=0/0 latestT=N/A latestT_apk=N/A
2025-10-03 12:14:08,950 - getodk/collect -> R3y=94/84 latestR=2025-09-24T18:45:50+00:00 latestR_apk=2025-09-24T18:45:50+00:00 | T3y=94/0 latestT=2025-09-24T12:19:16+00:00 latestT_apk=N/A
2025-10-03 12:14:30,828 - eladnava/redalert-android -> R3y=61/61 latestR=2025-06-25T20:03:36+00:00 latestR_apk=2025-06-25T20:03:36+00:00 | T3y=73/0 latestT=2025-06-25T20:03:13+00:00 latestT_apk=N/A
2025-10-03 12:15:07,732 - rkkr/simple-keyboard -> R3y=31/31 latestR=2025-09-28T16:24:19+00:00 latestR_apk=2025-09-28T16:24:19+00:00 | T3y=30/0 latestT=2025-09-28T14:21:28+00:00 latestT_apk=N/A
2025-10-03 12:15:15,700 - brarcher/video-transcoder -> R3y=0/0 latestR=N/A latestR_apk=N/A | T3y=0/0 latestT=N/A latestT_apk=N/A
2025-10-03 12:15:18,609 - AniTrend/anitrend-app -> R3y=14/12 latestR=2025-08-23T17:35:00+00:00 latestR_apk=2025-08-23T17:35:00+00:00 | T3y=14/0 latestT=2025-08-23T18:50:31+00:00 latestT_apk=N/A
2025-10-03 12:15:44,215 - mkulesh/onpc -> R3y=10/10 latestR=2025-08-26T15:48:44+00:00 latestR_apk=2025-08-26T15:48:44+00:00 | T3y=10/0 latestT=2025-08-25T20:44:32+00:00 latestT_apk=N/A
2025-10-03 12:16:14,596 - nextcloud/talk-android -> R3y=81/81 latestR=2025-10-02T11:00:14+00:00 latestR_apk=2025-10-02T11:00:14+00:00 | T3y=226/0 latestT=2025-10-02T10:28:14+00:00 latestT_apk=N/A
2025-10-03 12:16:33,140 - patzly/tack-android -> R3y=20/20 latestR=2025-04-06T17:07:26+00:00 latestR_apk=2025-04-06T17:07:26+00:00 | T3y=20/0 latestT=2025-04-06T16:56:04+00:00 latestT_apk=N/A
2025-10-03 12:16:43,875 - ap-atul/music_player_lite -> R3y=9/9 latestR=2025-04-27T13:53:04+00:00 latestR_apk=2025-04-27T13:53:04+00:00 | T3y=9/8 latestT=2025-04-21T11:05:38+00:00 latestT_apk=2023-08-28T06:52:38+00:00
2025-10-03 12:17:03,151 - v2er-app/Android -> R3y=9/9 latestR=2025-09-21T05:40:55+00:00 latestR_apk=2025-09-21T05:40:55+00:00 | T3y=16/0 latestT=2025-09-21T05:37:01+00:00 latestT_apk=N/A
2025-10-03 12:17:28,333 - Docile-Alligator/Infinity-For-Reddit -> R3y=77/76 latestR=2025-09-18T18:05:39+00:00 latestR_apk=2025-09-18T18:05:39+00:00 | T3y=77/0 latestT=2025-09-18T17:46:38+00:00 latestT_apk=N/A
2025-10-03 12:17:29,508 - CatimaLoyalty/Android -> R3y=40/40 latestR=2025-10-01T15:59:23+00:00 latestR_apk=2025-10-01T15:59:23+00:00 | T3y=40/0 latestT=2025-10-01T15:54:19+00:00 latestT_apk=N/A
2025-10-03 12:17:36,331 - VincentEngel/VES-Image-Compare -> R3y=27/16 latestR=2025-07-05T14:46:54+00:00 latestR_apk=2025-07-05T14:46:54+00:00 | T3y=27/0 latestT=2025-07-05T14:44:54+00:00 latestT_apk=N/A
2025-10-03 12:18:08,966 - TeamAmaze/AmazeFileManager -> R3y=2/2 latestR=2024-02-17T19:42:49+00:00 latestR_apk=2024-02-17T19:42:49+00:00 | T3y=2/0 latestT=2024-02-15T17:53:21+00:00 latestT_apk=N/A
2025-10-03 12:31:50,233 - Rate limited. Sleeping 2292s (attempt 1). Remaining=0 Limit=5000
2025-10-03 12:31:50,234 - Rate limited. Sleeping 2291s (attempt 1). Remaining=0 Limit=5000
2025-10-03 12:31:50,234 - Rate limited. Sleeping 2292s (attempt 1). Remaining=0 Limit=5000
2025-10-03 12:31:50,236 - Rate limited. Sleeping 2291s (attempt 1). Remaining=0 Limit=5000
2025-10-03 12:31:50,246 - Rate limited. Sleeping 2293s (attempt 1). Remaining=0 Limit=5000
2025-10-03 12:31:50,751 - Rate limited. Sleeping 2293s (attempt 1). Remaining=0 Limit=5000
2025-10-03 13:09:42,208 - Rate limited. Sleeping 21s (attempt 1). Remaining=0 Limit=5000
2025-10-03 13:09:42,209 - Rate limited. Sleeping 19s (attempt 1). Remaining=0 Limit=5000
2025-10-03 13:09:42,210 - Rate limited. Sleeping 21s (attempt 1). Remaining=0 Limit=5000
2025-10-03 13:09:42,210 - Rate limited. Sleeping 21s (attempt 1). Remaining=0 Limit=5000
2025-10-03 13:09:42,210 - Rate limited. Sleeping 21s (attempt 1). Remaining=0 Limit=5000
2025-10-03 13:09:42,717 - Rate limited. Sleeping 20s (attempt 1). Remaining=0 Limit=5000
2025-10-03 13:10:51,924 - moezbhatti/qksms -> R3y=2/2 latestR=2023-01-16T18:01:54+00:00 latestR_apk=2023-01-16T18:01:54+00:00 | T3y=2/0 latestT=2023-01-16T17:53:53+00:00 latestT_apk=N/A
2025-10-03 13:11:07,068 - allgood/OpenNoteScanner -> R3y=0/0 latestR=N/A latestR_apk=N/A | T3y=0/0 latestT=N/A latestT_apk=N/A
2025-10-03 13:11:09,452 - sspanak/tt9 -> R3y=49/49 latestR=2025-09-24T07:31:29+00:00 latestR_apk=2025-09-24T07:31:29+00:00 | T3y=56/0 latestT=2025-09-23T11:56:33+00:00 latestT_apk=N/A
2025-10-03 13:11:35,790 - grote/Transportr -> R3y=5/5 latestR=2024-12-07T19:36:07+00:00 latestR_apk=2024-12-07T19:36:07+00:00 | T3y=5/0 latestT=2024-12-07T19:32:58+00:00 latestT_apk=N/A
2025-10-03 13:11:58,081 - SimonSchubert/LinuxCommandLibrary -> R3y=34/34 latestR=2025-09-21T19:22:39+00:00 latestR_apk=2025-09-21T19:22:39+00:00 | T3y=35/35 latestT=2025-09-21T19:14:07+00:00 latestT_apk=2025-09-21T19:14:07+00:00
2025-10-03 13:12:56,725 - spacecowboy/Feeder -> R3y=61/61 latestR=2025-09-20T07:25:57+00:00 latestR_apk=2025-09-20T07:25:57+00:00 | T3y=88/0 latestT=2025-09-20T07:18:31+00:00 latestT_apk=N/A
2025-10-03 13:13:06,355 - max-kammerer/orion-viewer -> R3y=42/42 latestR=2025-05-14T07:48:32+00:00 latestR_apk=2025-05-14T07:48:32+00:00 | T3y=42/0 latestT=2025-05-14T07:52:46+00:00 latestT_apk=N/A
2025-10-03 13:13:54,613 - Adventech/sabbath-school-android -> R3y=27/27 latestR=2025-07-12T03:57:29+00:00 latestR_apk=2025-07-12T03:57:29+00:00 | T3y=27/0 latestT=2025-07-11T23:54:48+00:00 latestT_apk=N/A
2025-10-03 13:15:39,384 - wuan/bo-android -> R3y=18/0 latestR=2025-09-09T06:09:12+00:00 latestR_apk=N/A | T3y=31/0 latestT=2025-09-09T06:07:30+00:00 latestT_apk=N/A
2025-10-03 13:15:39,746 - mtotschnig/MyExpenses -> R3y=0/0 latestR=N/A latestR_apk=N/A | T3y=82/0 latestT=2025-09-29T19:27:45+00:00 latestT_apk=N/A
2025-10-03 13:15:48,180 - StepicOrg/stepik-android -> R3y=0/0 latestR=N/A latestR_apk=N/A | T3y=4/0 latestT=2023-05-06T15:34:14+00:00 latestT_apk=N/A
2025-10-03 13:16:35,729 - orgzly/orgzly-android -> R3y=3/3 latestR=2022-11-05T13:04:09+00:00 latestR_apk=2022-11-05T13:04:09+00:00 | T3y=3/0 latestT=2022-11-05T11:45:39+00:00 latestT_apk=N/A
2025-10-03 13:16:45,544 - Crazy-Marvin/MetadataRemover -> R3y=6/5 latestR=2024-08-04T20:35:41+00:00 latestR_apk=2024-08-04T20:35:41+00:00 | T3y=5/0 latestT=2024-08-04T20:02:35+00:00 latestT_apk=N/A
2025-10-03 13:17:06,873 - wbrawner/SimpleMarkdown -> R3y=0/0 latestR=N/A latestR_apk=N/A | T3y=13/0 latestT=2025-09-05T18:59:27+00:00 latestT_apk=N/A
2025-10-03 13:17:10,243 - kawaiiDango/pano-scrobbler -> R3y=71/69 latestR=2025-09-14T21:34:27+00:00 latestR_apk=2025-09-14T21:34:27+00:00 | T3y=77/0 latestT=2025-09-14T20:10:45+00:00 latestT_apk=N/A
2025-10-03 13:17:37,126 - Anrimian/music-player -> R3y=8/5 latestR=2025-08-10T16:28:12+00:00 latestR_apk=2025-08-10T16:28:12+00:00 | T3y=8/0 latestT=2025-08-10T16:24:48+00:00 latestT_apk=N/A
2025-10-03 13:17:56,944 - d4rken-org/bluemusic -> R3y=12/11 latestR=2025-08-15T11:30:26+00:00 latestR_apk=2025-08-15T11:30:26+00:00 | T3y=14/0 latestT=2025-08-15T11:22:41+00:00 latestT_apk=N/A
2025-10-03 13:18:00,578 - zhanghai/MaterialFiles -> R3y=8/8 latestR=2024-06-30T05:17:48+00:00 latestR_apk=2024-06-30T05:17:48+00:00 | T3y=8/0 latestT=2024-06-30T05:07:51+00:00 latestT_apk=N/A
2025-10-03 13:18:17,906 - oppia/oppia-android -> R3y=7/0 latestR=2025-10-01T03:29:38+00:00 latestR_apk=N/A | T3y=7/0 latestT=2025-09-19T16:51:53+00:00 latestT_apk=N/A
2025-10-03 13:18:25,045 - RetroMusicPlayer/RetroMusicPlayer -> R3y=4/4 latestR=2025-08-09T07:16:03+00:00 latestR_apk=2025-08-09T07:16:03+00:00 | T3y=6/0 latestT=2025-08-02T16:52:07+00:00 latestT_apk=N/A
2025-10-03 13:18:31,257 - michelesalvador/FamilyGem -> R3y=6/6 latestR=2025-06-23T17:16:50+00:00 latestR_apk=2025-06-23T17:16:50+00:00 | T3y=6/0 latestT=2025-06-23T16:07:25+00:00 latestT_apk=N/A
2025-10-03 13:22:46,825 - markusfisch/ShaderEditor -> R3y=23/23 latestR=2025-08-26T19:15:49+00:00 latestR_apk=2025-08-26T19:15:49+00:00 | T3y=0/0 latestT=N/A latestT_apk=N/A
2025-10-03 13:22:47,022 - AnySoftKeyboard/AnySoftKeyboard -> R3y=1/1 latestR=2025-08-23T20:52:39+00:00 latestR_apk=2025-08-23T20:52:39+00:00 | T3y=0/0 latestT=N/A latestT_apk=N/A
2025-10-03 13:22:47,054 - mastodon/mastodon-android -> R3y=51/51 latestR=2025-10-01T10:17:48+00:00 latestR_apk=2025-10-01T10:17:48+00:00 | T3y=0/0 latestT=N/A latestT_apk=N/A
2025-10-03 13:22:48,018 - MarcusWolschon/osmeditor4android -> R3y=68/60 latestR=2025-09-14T14:53:46+00:00 latestR_apk=2025-09-14T14:53:46+00:00 | T3y=0/0 latestT=N/A latestT_apk=N/A
2025-10-03 13:22:54,284 - hanjoongcho/aaf-easydiary -> R3y=0/0 latestR=N/A latestR_apk=N/A | T3y=0/0 latestT=N/A latestT_apk=N/A
2025-10-03 13:22:54,287 - michaldrabik/showly -> R3y=12/12 latestR=2025-09-28T10:23:09+00:00 latestR_apk=2025-09-28T10:23:09+00:00 | T3y=0/0 latestT=N/A latestT_apk=N/A
2025-10-03 13:22:54,768 - pantasystem/Milktea -> R3y=20/20 latestR=2024-09-19T14:54:37+00:00 latestR_apk=2024-09-19T14:54:37+00:00 | T3y=0/0 latestT=N/A latestT_apk=N/A
2025-10-03 13:22:55,085 - SamAmco/track-and-graph -> R3y=46/46 latestR=2025-09-29T20:02:21+00:00 latestR_apk=2025-09-29T20:02:21+00:00 | T3y=0/0 latestT=N/A latestT_apk=N/A
2025-10-03 13:22:55,121 - zend10/AL-chan -> R3y=5/5 latestR=2024-08-25T05:50:58+00:00 latestR_apk=2024-08-25T05:50:58+00:00 | T3y=0/0 latestT=N/A latestT_apk=N/A
2025-10-03 13:22:55,197 - JLindemann42/Atomic-Periodic-Table.Android -> R3y=6/6 latestR=2025-08-05T19:37:11+00:00 latestR_apk=2025-08-05T19:37:11+00:00 | T3y=0/0 latestT=N/A latestT_apk=N/A
2025-10-03 13:22:55,394 - z-huang/InnerTune -> R3y=14/14 latestR=2024-09-01T15:22:41+00:00 latestR_apk=2024-09-01T15:22:41+00:00 | T3y=0/0 latestT=N/A latestT_apk=N/A
2025-10-03 13:22:55,484 - More-Than-Solitaire/Tabs-Lite -> R3y=7/7 latestR=2025-05-19T17:59:28+00:00 latestR_apk=2025-05-19T17:59:28+00:00 | T3y=0/0 latestT=N/A latestT_apk=N/A
2025-10-03 13:22:55,878 - syt0r/Kanji-Dojo -> R3y=28/28 latestR=2025-08-12T13:54:49+00:00 latestR_apk=2025-08-12T13:54:49+00:00 | T3y=0/0 latestT=N/A latestT_apk=N/A
2025-10-03 13:22:55,898 - pakka-papad/Zen -> R3y=8/8 latestR=2025-01-26T18:47:54+00:00 latestR_apk=2025-01-26T18:47:54+00:00 | T3y=0/0 latestT=N/A latestT_apk=N/A
2025-10-03 13:22:55,916 - nextcloud/android -> R3y=71/70 latestR=2025-09-25T10:39:22+00:00 latestR_apk=2025-09-25T10:39:22+00:00 | T3y=0/0 latestT=N/A latestT_apk=N/A
2025-10-03 13:22:55,970 - axiel7/MoeList -> R3y=34/34 latestR=2025-06-13T11:52:57+00:00 latestR_apk=2025-06-13T11:52:57+00:00 | T3y=0/0 latestT=N/A latestT_apk=N/A
2025-10-03 13:22:56,221 - jellyfin/jellyfin-android -> R3y=17/17 latestR=2025-05-16T19:44:21+00:00 latestR_apk=2025-05-16T19:44:21+00:00 | T3y=0/0 latestT=N/A latestT_apk=N/A
2025-10-03 13:23:11,487 - M66B/FairEmail -> R3y=315/3 latestR=2025-09-30T05:49:34+00:00 latestR_apk=2025-09-30T05:49:34+00:00 | T3y=0/0 latestT=N/A latestT_apk=N/A
